<?xml version="1.0" encoding="utf-8"?>
<CoverageSession>
  <Summary numSequencePoints="752" visitedSequencePoints="584" numBranchPoints="136" visitedBranchPoints="97" sequenceCoverage="77.65" branchCoverage="71.32" maxCyclomaticComplexity="192" minCyclomaticComplexity="192" visitedClasses="20" numClasses="25" visitedMethods="67" numMethods="73" />
  <Modules>
    <Module hash="485198E7-5AB8-493C-B9D1-677E1E6AC504">
      <ModulePath>OnlineStore.dll</ModulePath>
      <ModuleTime>2025-10-29T07:33:18</ModuleTime>
      <ModuleName>OnlineStore</ModuleName>
      <Files>
        <File uid="1" fullPath="C:\Users\Люба\RiderProjects\Shop\OnlineStore\HttpRequest.cs" />
        <File uid="2" fullPath="C:\Users\Люба\RiderProjects\Shop\OnlineStore\HttpResponse.cs" />
        <File uid="3" fullPath="C:\Users\Люба\RiderProjects\Shop\OnlineStore\HttpServer.cs" />
        <File uid="4" fullPath="C:\Users\Люба\RiderProjects\Shop\OnlineStore\Program.cs" />
        <File uid="5" fullPath="C:\Users\Люба\RiderProjects\Shop\OnlineStore\Router.cs" />
        <File uid="6" fullPath="C:\Users\Люба\RiderProjects\Shop\OnlineStore\Views\ErrorView.cs" />
        <File uid="7" fullPath="C:\Users\Люба\RiderProjects\Shop\OnlineStore\Views\FavoritesView.cs" />
        <File uid="8" fullPath="C:\Users\Люба\RiderProjects\Shop\OnlineStore\Views\HomeView.cs" />
        <File uid="9" fullPath="C:\Users\Люба\RiderProjects\Shop\OnlineStore\Views\StatusView.cs" />
        <File uid="10" fullPath="C:\Users\Люба\RiderProjects\Shop\OnlineStore\Views\SuccesView.cs" />
        <File uid="11" fullPath="C:\Users\Люба\RiderProjects\Shop\OnlineStore\Models\Cart.cs" />
        <File uid="12" fullPath="C:\Users\Люба\RiderProjects\Shop\OnlineStore\Models\Coupon.cs" />
        <File uid="13" fullPath="C:\Users\Люба\RiderProjects\Shop\OnlineStore\Models\FavoriteItem.cs" />
        <File uid="14" fullPath="C:\Users\Люба\RiderProjects\Shop\OnlineStore\Models\Product.cs" />
        <File uid="15" fullPath="C:\Users\Люба\RiderProjects\Shop\OnlineStore\Models\ProjectState.cs" />
        <File uid="16" fullPath="C:\Users\Люба\RiderProjects\Shop\OnlineStore\Models\Review.cs" />
        <File uid="17" fullPath="C:\Users\Люба\RiderProjects\Shop\OnlineStore\Controllers\ActionController.cs" />
        <File uid="18" fullPath="C:\Users\Люба\RiderProjects\Shop\OnlineStore\Controllers\FavoritesContoller.cs" />
        <File uid="19" fullPath="C:\Users\Люба\RiderProjects\Shop\OnlineStore\Controllers\HomeController.cs" />
        <File uid="20" fullPath="C:\Users\Люба\RiderProjects\Shop\OnlineStore\Controllers\StatusController.cs" />
      </Files>
      <Classes>
        <Class>
          <Summary numSequencePoints="8" visitedSequencePoints="8" numBranchPoints="0" visitedBranchPoints="0" sequenceCoverage="100" branchCoverage="100" maxCyclomaticComplexity="1" minCyclomaticComplexity="1" visitedClasses="1" numClasses="1" visitedMethods="5" numMethods="5" />
          <FullName>OnlineStore.HttpRequest</FullName>
          <Methods>
            <Method cyclomaticComplexity="1" nPathComplexity="1" sequenceCoverage="100" branchCoverage="100" isConstructor="False" isGetter="True" isSetter="False" isStatic="True">
              <Summary numSequencePoints="1" visitedSequencePoints="1" numBranchPoints="0" visitedBranchPoints="0" sequenceCoverage="100" branchCoverage="100" maxCyclomaticComplexity="1" minCyclomaticComplexity="1" visitedClasses="0" numClasses="0" visitedMethods="1" numMethods="1" />
              <MetadataToken />
              <Name>System.String OnlineStore.HttpRequest::get_Method()</Name>
              <FileRef uid="1" />
              <SequencePoints>
                <SequencePoint vc="14" uspid="5" ordinal="0" sl="5" sc="1" el="5" ec="2" bec="0" bev="0" fileid="1" />
              </SequencePoints>
              <BranchPoints />
              <MethodPoint vc="1" uspid="0" p8:type="SequencePoint" ordinal="0" offset="0" sc="0" sl="5" ec="1" el="5" bec="0" bev="0" fileid="1" xmlns:p8="xsi" />
            </Method>
            <Method cyclomaticComplexity="1" nPathComplexity="1" sequenceCoverage="100" branchCoverage="100" isConstructor="False" isGetter="True" isSetter="False" isStatic="True">
              <Summary numSequencePoints="1" visitedSequencePoints="1" numBranchPoints="0" visitedBranchPoints="0" sequenceCoverage="100" branchCoverage="100" maxCyclomaticComplexity="1" minCyclomaticComplexity="1" visitedClasses="0" numClasses="0" visitedMethods="1" numMethods="1" />
              <MetadataToken />
              <Name>System.String OnlineStore.HttpRequest::get_Path()</Name>
              <FileRef uid="1" />
              <SequencePoints>
                <SequencePoint vc="10" uspid="6" ordinal="0" sl="6" sc="1" el="6" ec="2" bec="0" bev="0" fileid="1" />
              </SequencePoints>
              <BranchPoints />
              <MethodPoint vc="1" uspid="0" p8:type="SequencePoint" ordinal="1" offset="1" sc="0" sl="6" ec="1" el="6" bec="0" bev="0" fileid="1" xmlns:p8="xsi" />
            </Method>
            <Method cyclomaticComplexity="1" nPathComplexity="1" sequenceCoverage="100" branchCoverage="100" isConstructor="False" isGetter="True" isSetter="False" isStatic="True">
              <Summary numSequencePoints="1" visitedSequencePoints="1" numBranchPoints="0" visitedBranchPoints="0" sequenceCoverage="100" branchCoverage="100" maxCyclomaticComplexity="1" minCyclomaticComplexity="1" visitedClasses="0" numClasses="0" visitedMethods="1" numMethods="1" />
              <MetadataToken />
              <Name>System.Collections.Generic.Dictionary`2&lt;System.String,System.String&gt; OnlineStore.HttpRequest::get_Headers()</Name>
              <FileRef uid="1" />
              <SequencePoints>
                <SequencePoint vc="4" uspid="7" ordinal="0" sl="7" sc="1" el="7" ec="2" bec="0" bev="0" fileid="1" />
              </SequencePoints>
              <BranchPoints />
              <MethodPoint vc="1" uspid="0" p8:type="SequencePoint" ordinal="2" offset="2" sc="0" sl="7" ec="1" el="7" bec="0" bev="0" fileid="1" xmlns:p8="xsi" />
            </Method>
            <Method cyclomaticComplexity="1" nPathComplexity="1" sequenceCoverage="100" branchCoverage="100" isConstructor="False" isGetter="True" isSetter="False" isStatic="True">
              <Summary numSequencePoints="1" visitedSequencePoints="1" numBranchPoints="0" visitedBranchPoints="0" sequenceCoverage="100" branchCoverage="100" maxCyclomaticComplexity="1" minCyclomaticComplexity="1" visitedClasses="0" numClasses="0" visitedMethods="1" numMethods="1" />
              <MetadataToken />
              <Name>System.String OnlineStore.HttpRequest::get_Body()</Name>
              <FileRef uid="1" />
              <SequencePoints>
                <SequencePoint vc="4" uspid="8" ordinal="0" sl="8" sc="1" el="8" ec="2" bec="0" bev="0" fileid="1" />
              </SequencePoints>
              <BranchPoints />
              <MethodPoint vc="1" uspid="0" p8:type="SequencePoint" ordinal="3" offset="3" sc="0" sl="8" ec="1" el="8" bec="0" bev="0" fileid="1" xmlns:p8="xsi" />
            </Method>
            <Method cyclomaticComplexity="1" nPathComplexity="1" sequenceCoverage="100" branchCoverage="100" isConstructor="True" isGetter="False" isSetter="False" isStatic="True">
              <Summary numSequencePoints="4" visitedSequencePoints="4" numBranchPoints="0" visitedBranchPoints="0" sequenceCoverage="100" branchCoverage="100" maxCyclomaticComplexity="1" minCyclomaticComplexity="1" visitedClasses="0" numClasses="0" visitedMethods="1" numMethods="1" />
              <MetadataToken />
              <Name>System.Void OnlineStore.HttpRequest::.ctor()</Name>
              <FileRef uid="1" />
              <SequencePoints>
                <SequencePoint vc="4" uspid="10" ordinal="0" sl="10" sc="1" el="10" ec="2" bec="0" bev="0" fileid="1" />
                <SequencePoint vc="4" uspid="11" ordinal="1" sl="11" sc="1" el="11" ec="2" bec="0" bev="0" fileid="1" />
                <SequencePoint vc="4" uspid="12" ordinal="2" sl="12" sc="1" el="12" ec="2" bec="0" bev="0" fileid="1" />
                <SequencePoint vc="4" uspid="13" ordinal="3" sl="13" sc="1" el="13" ec="2" bec="0" bev="0" fileid="1" />
              </SequencePoints>
              <BranchPoints />
              <MethodPoint vc="4" uspid="0" p8:type="SequencePoint" ordinal="4" offset="4" sc="0" sl="10" ec="1" el="13" bec="0" bev="0" fileid="1" xmlns:p8="xsi" />
            </Method>
          </Methods>
        </Class>
        <Class>
          <Summary numSequencePoints="25" visitedSequencePoints="25" numBranchPoints="6" visitedBranchPoints="6" sequenceCoverage="100" branchCoverage="100" maxCyclomaticComplexity="4" minCyclomaticComplexity="1" visitedClasses="1" numClasses="1" visitedMethods="6" numMethods="6" />
          <FullName>OnlineStore.HttpResponse</FullName>
          <Methods>
            <Method cyclomaticComplexity="1" nPathComplexity="1" sequenceCoverage="100" branchCoverage="100" isConstructor="False" isGetter="True" isSetter="False" isStatic="True">
              <Summary numSequencePoints="1" visitedSequencePoints="1" numBranchPoints="0" visitedBranchPoints="0" sequenceCoverage="100" branchCoverage="100" maxCyclomaticComplexity="1" minCyclomaticComplexity="1" visitedClasses="0" numClasses="0" visitedMethods="1" numMethods="1" />
              <MetadataToken />
              <Name>System.Int32 OnlineStore.HttpResponse::get_StatusCode()</Name>
              <FileRef uid="2" />
              <SequencePoints>
                <SequencePoint vc="12" uspid="7" ordinal="0" sl="7" sc="1" el="7" ec="2" bec="0" bev="0" fileid="2" />
              </SequencePoints>
              <BranchPoints />
              <MethodPoint vc="1" uspid="0" p8:type="SequencePoint" ordinal="0" offset="0" sc="0" sl="7" ec="1" el="7" bec="0" bev="0" fileid="2" xmlns:p8="xsi" />
            </Method>
            <Method cyclomaticComplexity="1" nPathComplexity="1" sequenceCoverage="100" branchCoverage="100" isConstructor="False" isGetter="True" isSetter="False" isStatic="True">
              <Summary numSequencePoints="1" visitedSequencePoints="1" numBranchPoints="0" visitedBranchPoints="0" sequenceCoverage="100" branchCoverage="100" maxCyclomaticComplexity="1" minCyclomaticComplexity="1" visitedClasses="0" numClasses="0" visitedMethods="1" numMethods="1" />
              <MetadataToken />
              <Name>System.String OnlineStore.HttpResponse::get_StatusMessage()</Name>
              <FileRef uid="2" />
              <SequencePoints>
                <SequencePoint vc="8" uspid="8" ordinal="0" sl="8" sc="1" el="8" ec="2" bec="0" bev="0" fileid="2" />
              </SequencePoints>
              <BranchPoints />
              <MethodPoint vc="1" uspid="0" p8:type="SequencePoint" ordinal="1" offset="1" sc="0" sl="8" ec="1" el="8" bec="0" bev="0" fileid="2" xmlns:p8="xsi" />
            </Method>
            <Method cyclomaticComplexity="1" nPathComplexity="1" sequenceCoverage="100" branchCoverage="100" isConstructor="False" isGetter="True" isSetter="False" isStatic="True">
              <Summary numSequencePoints="1" visitedSequencePoints="1" numBranchPoints="0" visitedBranchPoints="0" sequenceCoverage="100" branchCoverage="100" maxCyclomaticComplexity="1" minCyclomaticComplexity="1" visitedClasses="0" numClasses="0" visitedMethods="1" numMethods="1" />
              <MetadataToken />
              <Name>System.String OnlineStore.HttpResponse::get_Content()</Name>
              <FileRef uid="2" />
              <SequencePoints>
                <SequencePoint vc="15" uspid="9" ordinal="0" sl="9" sc="1" el="9" ec="2" bec="0" bev="0" fileid="2" />
              </SequencePoints>
              <BranchPoints />
              <MethodPoint vc="1" uspid="0" p8:type="SequencePoint" ordinal="2" offset="2" sc="0" sl="9" ec="1" el="9" bec="0" bev="0" fileid="2" xmlns:p8="xsi" />
            </Method>
            <Method cyclomaticComplexity="1" nPathComplexity="1" sequenceCoverage="100" branchCoverage="100" isConstructor="False" isGetter="True" isSetter="False" isStatic="True">
              <Summary numSequencePoints="1" visitedSequencePoints="1" numBranchPoints="0" visitedBranchPoints="0" sequenceCoverage="100" branchCoverage="100" maxCyclomaticComplexity="1" minCyclomaticComplexity="1" visitedClasses="0" numClasses="0" visitedMethods="1" numMethods="1" />
              <MetadataToken />
              <Name>System.Collections.Generic.Dictionary`2&lt;System.String,System.String&gt; OnlineStore.HttpResponse::get_Headers()</Name>
              <FileRef uid="2" />
              <SequencePoints>
                <SequencePoint vc="33" uspid="10" ordinal="0" sl="10" sc="1" el="10" ec="2" bec="0" bev="0" fileid="2" />
              </SequencePoints>
              <BranchPoints />
              <MethodPoint vc="1" uspid="0" p8:type="SequencePoint" ordinal="3" offset="3" sc="0" sl="10" ec="1" el="10" bec="0" bev="0" fileid="2" xmlns:p8="xsi" />
            </Method>
            <Method cyclomaticComplexity="2" nPathComplexity="2" sequenceCoverage="100" branchCoverage="100" isConstructor="False" isGetter="False" isSetter="False" isStatic="True">
              <Summary numSequencePoints="11" visitedSequencePoints="11" numBranchPoints="2" visitedBranchPoints="2" sequenceCoverage="100" branchCoverage="100" maxCyclomaticComplexity="2" minCyclomaticComplexity="2" visitedClasses="0" numClasses="0" visitedMethods="1" numMethods="1" />
              <MetadataToken />
              <Name>System.String OnlineStore.HttpResponse::ToString()</Name>
              <FileRef uid="2" />
              <SequencePoints>
                <SequencePoint vc="1" uspid="27" ordinal="0" sl="27" sc="1" el="27" ec="2" bec="0" bev="0" fileid="2" />
                <SequencePoint vc="1" uspid="28" ordinal="1" sl="28" sc="1" el="28" ec="2" bec="0" bev="0" fileid="2" />
                <SequencePoint vc="1" uspid="29" ordinal="2" sl="29" sc="1" el="29" ec="2" bec="0" bev="0" fileid="2" />
                <SequencePoint vc="7" uspid="31" ordinal="3" sl="31" sc="1" el="31" ec="2" bec="2" bev="2" fileid="2" />
                <SequencePoint vc="2" uspid="32" ordinal="4" sl="32" sc="1" el="32" ec="2" bec="0" bev="0" fileid="2" />
                <SequencePoint vc="2" uspid="33" ordinal="5" sl="33" sc="1" el="33" ec="2" bec="0" bev="0" fileid="2" />
                <SequencePoint vc="2" uspid="34" ordinal="6" sl="34" sc="1" el="34" ec="2" bec="0" bev="0" fileid="2" />
                <SequencePoint vc="1" uspid="36" ordinal="7" sl="36" sc="1" el="36" ec="2" bec="0" bev="0" fileid="2" />
                <SequencePoint vc="1" uspid="37" ordinal="8" sl="37" sc="1" el="37" ec="2" bec="0" bev="0" fileid="2" />
                <SequencePoint vc="1" uspid="39" ordinal="9" sl="39" sc="1" el="39" ec="2" bec="0" bev="0" fileid="2" />
                <SequencePoint vc="1" uspid="40" ordinal="10" sl="40" sc="1" el="40" ec="2" bec="0" bev="0" fileid="2" />
              </SequencePoints>
              <BranchPoints>
                <BranchPoint vc="2" uspid="31" ordinal="1" path="1" offset="179" offsetend="98" sl="31" fileid="2" />
                <BranchPoint vc="1" uspid="31" ordinal="0" path="0" offset="179" offsetend="181" sl="31" fileid="2" />
              </BranchPoints>
              <MethodPoint vc="11" uspid="0" p8:type="SequencePoint" ordinal="4" offset="4" sc="0" sl="27" ec="1" el="40" bec="0" bev="0" fileid="2" xmlns:p8="xsi" />
            </Method>
            <Method cyclomaticComplexity="4" nPathComplexity="4" sequenceCoverage="100" branchCoverage="100" isConstructor="True" isGetter="False" isSetter="False" isStatic="True">
              <Summary numSequencePoints="10" visitedSequencePoints="10" numBranchPoints="4" visitedBranchPoints="4" sequenceCoverage="100" branchCoverage="100" maxCyclomaticComplexity="4" minCyclomaticComplexity="4" visitedClasses="0" numClasses="0" visitedMethods="1" numMethods="1" />
              <MetadataToken />
              <Name>System.Void OnlineStore.HttpResponse::.ctor(System.Int32,System.String,System.String,System.Collections.Generic.Dictionary`2&lt;System.String,System.String&gt;)</Name>
              <FileRef uid="2" />
              <SequencePoints>
                <SequencePoint vc="7" uspid="12" ordinal="0" sl="12" sc="1" el="12" ec="2" bec="0" bev="0" fileid="2" />
                <SequencePoint vc="7" uspid="13" ordinal="1" sl="13" sc="1" el="13" ec="2" bec="0" bev="0" fileid="2" />
                <SequencePoint vc="7" uspid="14" ordinal="2" sl="14" sc="1" el="14" ec="2" bec="0" bev="0" fileid="2" />
                <SequencePoint vc="7" uspid="15" ordinal="3" sl="15" sc="1" el="15" ec="2" bec="0" bev="0" fileid="2" />
                <SequencePoint vc="7" uspid="16" ordinal="4" sl="16" sc="1" el="16" ec="2" bec="0" bev="0" fileid="2" />
                <SequencePoint vc="7" uspid="17" ordinal="5" sl="17" sc="1" el="17" ec="2" bec="2" bev="2" fileid="2" />
                <SequencePoint vc="7" uspid="20" ordinal="6" sl="20" sc="1" el="20" ec="2" bec="2" bev="2" fileid="2" />
                <SequencePoint vc="7" uspid="21" ordinal="7" sl="21" sc="1" el="21" ec="2" bec="0" bev="0" fileid="2" />
                <SequencePoint vc="7" uspid="23" ordinal="8" sl="23" sc="1" el="23" ec="2" bec="0" bev="0" fileid="2" />
                <SequencePoint vc="7" uspid="24" ordinal="9" sl="24" sc="1" el="24" ec="2" bec="0" bev="0" fileid="2" />
              </SequencePoints>
              <BranchPoints>
                <BranchPoint vc="4" uspid="17" ordinal="0" path="0" offset="36" offsetend="38" sl="17" fileid="2" />
                <BranchPoint vc="7" uspid="17" ordinal="1" path="1" offset="36" offsetend="44" sl="17" fileid="2" />
                <BranchPoint vc="7" uspid="20" ordinal="2" path="0" offset="71" offsetend="73" sl="20" fileid="2" />
                <BranchPoint vc="7" uspid="20" ordinal="3" path="1" offset="71" offsetend="95" sl="20" fileid="2" />
              </BranchPoints>
              <MethodPoint vc="10" uspid="0" p8:type="SequencePoint" ordinal="5" offset="5" sc="0" sl="12" ec="1" el="24" bec="0" bev="0" fileid="2" xmlns:p8="xsi" />
            </Method>
          </Methods>
        </Class>
        <Class>
          <Summary numSequencePoints="9" visitedSequencePoints="9" numBranchPoints="2" visitedBranchPoints="1" sequenceCoverage="100" branchCoverage="50" maxCyclomaticComplexity="2" minCyclomaticComplexity="1" visitedClasses="1" numClasses="1" visitedMethods="2" numMethods="2" />
          <FullName>OnlineStore.HttpServer</FullName>
          <Methods>
            <Method cyclomaticComplexity="2" nPathComplexity="2" sequenceCoverage="100" branchCoverage="50" isConstructor="False" isGetter="False" isSetter="False" isStatic="True">
              <Summary numSequencePoints="4" visitedSequencePoints="4" numBranchPoints="2" visitedBranchPoints="1" sequenceCoverage="100" branchCoverage="50" maxCyclomaticComplexity="2" minCyclomaticComplexity="2" visitedClasses="0" numClasses="0" visitedMethods="1" numMethods="1" />
              <MetadataToken />
              <Name>System.Void OnlineStore.HttpServer::Stop()</Name>
              <FileRef uid="3" />
              <SequencePoints>
                <SequencePoint vc="1" uspid="58" ordinal="0" sl="58" sc="1" el="58" ec="2" bec="0" bev="0" fileid="3" />
                <SequencePoint vc="1" uspid="59" ordinal="1" sl="59" sc="1" el="59" ec="2" bec="0" bev="0" fileid="3" />
                <SequencePoint vc="1" uspid="60" ordinal="2" sl="60" sc="1" el="60" ec="2" bec="2" bev="1" fileid="3" />
                <SequencePoint vc="1" uspid="61" ordinal="3" sl="61" sc="1" el="61" ec="2" bec="0" bev="0" fileid="3" />
              </SequencePoints>
              <BranchPoints>
                <BranchPoint vc="1" uspid="60" ordinal="0" path="0" offset="20" offsetend="22" sl="60" fileid="3" />
                <BranchPoint vc="0" uspid="60" ordinal="1" path="1" offset="20" offsetend="25" sl="60" fileid="3" />
              </BranchPoints>
              <MethodPoint vc="4" uspid="0" p8:type="SequencePoint" ordinal="0" offset="0" sc="0" sl="58" ec="1" el="61" bec="0" bev="0" fileid="3" xmlns:p8="xsi" />
            </Method>
            <Method cyclomaticComplexity="1" nPathComplexity="1" sequenceCoverage="100" branchCoverage="100" isConstructor="True" isGetter="False" isSetter="False" isStatic="True">
              <Summary numSequencePoints="5" visitedSequencePoints="5" numBranchPoints="0" visitedBranchPoints="0" sequenceCoverage="100" branchCoverage="100" maxCyclomaticComplexity="1" minCyclomaticComplexity="1" visitedClasses="0" numClasses="0" visitedMethods="1" numMethods="1" />
              <MetadataToken />
              <Name>System.Void OnlineStore.HttpServer::.ctor(System.String,System.Int32,OnlineStore.Router)</Name>
              <FileRef uid="3" />
              <SequencePoints>
                <SequencePoint vc="2" uspid="13" ordinal="0" sl="13" sc="1" el="13" ec="2" bec="0" bev="0" fileid="3" />
                <SequencePoint vc="2" uspid="14" ordinal="1" sl="14" sc="1" el="14" ec="2" bec="0" bev="0" fileid="3" />
                <SequencePoint vc="2" uspid="15" ordinal="2" sl="15" sc="1" el="15" ec="2" bec="0" bev="0" fileid="3" />
                <SequencePoint vc="2" uspid="16" ordinal="3" sl="16" sc="1" el="16" ec="2" bec="0" bev="0" fileid="3" />
                <SequencePoint vc="2" uspid="17" ordinal="4" sl="17" sc="1" el="17" ec="2" bec="0" bev="0" fileid="3" />
              </SequencePoints>
              <BranchPoints />
              <MethodPoint vc="5" uspid="0" p8:type="SequencePoint" ordinal="1" offset="1" sc="0" sl="13" ec="1" el="17" bec="0" bev="0" fileid="3" xmlns:p8="xsi" />
            </Method>
          </Methods>
        </Class>
        <Class>
          <Summary numSequencePoints="32" visitedSequencePoints="0" numBranchPoints="2" visitedBranchPoints="0" sequenceCoverage="0" branchCoverage="0" maxCyclomaticComplexity="2" minCyclomaticComplexity="2" visitedClasses="0" numClasses="1" visitedMethods="0" numMethods="1" />
          <FullName>OnlineStore.HttpServer/&lt;HandleClientAsync&gt;d__6</FullName>
          <Methods>
            <Method cyclomaticComplexity="2" nPathComplexity="2" sequenceCoverage="0" branchCoverage="0" isConstructor="False" isGetter="False" isSetter="False" isStatic="True">
              <Summary numSequencePoints="32" visitedSequencePoints="0" numBranchPoints="2" visitedBranchPoints="0" sequenceCoverage="0" branchCoverage="0" maxCyclomaticComplexity="2" minCyclomaticComplexity="2" visitedClasses="0" numClasses="0" visitedMethods="0" numMethods="1" />
              <MetadataToken />
              <Name>System.Void OnlineStore.HttpServer/&lt;HandleClientAsync&gt;d__6::MoveNext()</Name>
              <FileRef uid="3" />
              <SequencePoints>
                <SequencePoint vc="0" uspid="64" ordinal="0" sl="64" sc="1" el="64" ec="2" bec="0" bev="0" fileid="3" />
                <SequencePoint vc="0" uspid="66" ordinal="1" sl="66" sc="1" el="66" ec="2" bec="0" bev="0" fileid="3" />
                <SequencePoint vc="0" uspid="67" ordinal="2" sl="67" sc="1" el="67" ec="2" bec="0" bev="0" fileid="3" />
                <SequencePoint vc="0" uspid="68" ordinal="3" sl="68" sc="1" el="68" ec="2" bec="0" bev="0" fileid="3" />
                <SequencePoint vc="0" uspid="69" ordinal="4" sl="69" sc="1" el="69" ec="2" bec="0" bev="0" fileid="3" />
                <SequencePoint vc="0" uspid="72" ordinal="5" sl="72" sc="1" el="72" ec="2" bec="0" bev="0" fileid="3" />
                <SequencePoint vc="0" uspid="73" ordinal="6" sl="73" sc="1" el="73" ec="2" bec="0" bev="0" fileid="3" />
                <SequencePoint vc="0" uspid="74" ordinal="7" sl="74" sc="1" el="74" ec="2" bec="2" bev="0" fileid="3" />
                <SequencePoint vc="0" uspid="75" ordinal="8" sl="75" sc="1" el="75" ec="2" bec="0" bev="0" fileid="3" />
                <SequencePoint vc="0" uspid="76" ordinal="9" sl="76" sc="1" el="76" ec="2" bec="0" bev="0" fileid="3" />
                <SequencePoint vc="0" uspid="77" ordinal="10" sl="77" sc="1" el="77" ec="2" bec="0" bev="0" fileid="3" />
                <SequencePoint vc="0" uspid="78" ordinal="11" sl="78" sc="1" el="78" ec="2" bec="0" bev="0" fileid="3" />
                <SequencePoint vc="0" uspid="79" ordinal="12" sl="79" sc="1" el="79" ec="2" bec="0" bev="0" fileid="3" />
                <SequencePoint vc="0" uspid="80" ordinal="13" sl="80" sc="1" el="80" ec="2" bec="0" bev="0" fileid="3" />
                <SequencePoint vc="0" uspid="81" ordinal="14" sl="81" sc="1" el="81" ec="2" bec="0" bev="0" fileid="3" />
                <SequencePoint vc="0" uspid="83" ordinal="15" sl="83" sc="1" el="83" ec="2" bec="0" bev="0" fileid="3" />
                <SequencePoint vc="0" uspid="84" ordinal="16" sl="84" sc="1" el="84" ec="2" bec="0" bev="0" fileid="3" />
                <SequencePoint vc="0" uspid="85" ordinal="17" sl="85" sc="1" el="85" ec="2" bec="0" bev="0" fileid="3" />
                <SequencePoint vc="0" uspid="86" ordinal="18" sl="86" sc="1" el="86" ec="2" bec="0" bev="0" fileid="3" />
                <SequencePoint vc="0" uspid="87" ordinal="19" sl="87" sc="1" el="87" ec="2" bec="0" bev="0" fileid="3" />
                <SequencePoint vc="0" uspid="88" ordinal="20" sl="88" sc="1" el="88" ec="2" bec="0" bev="0" fileid="3" />
                <SequencePoint vc="0" uspid="89" ordinal="21" sl="89" sc="1" el="89" ec="2" bec="0" bev="0" fileid="3" />
                <SequencePoint vc="0" uspid="90" ordinal="22" sl="90" sc="1" el="90" ec="2" bec="0" bev="0" fileid="3" />
                <SequencePoint vc="0" uspid="92" ordinal="23" sl="92" sc="1" el="92" ec="2" bec="0" bev="0" fileid="3" />
                <SequencePoint vc="0" uspid="93" ordinal="24" sl="93" sc="1" el="93" ec="2" bec="0" bev="0" fileid="3" />
                <SequencePoint vc="0" uspid="94" ordinal="25" sl="94" sc="1" el="94" ec="2" bec="0" bev="0" fileid="3" />
                <SequencePoint vc="0" uspid="95" ordinal="26" sl="95" sc="1" el="95" ec="2" bec="0" bev="0" fileid="3" />
                <SequencePoint vc="0" uspid="96" ordinal="27" sl="96" sc="1" el="96" ec="2" bec="0" bev="0" fileid="3" />
                <SequencePoint vc="0" uspid="98" ordinal="28" sl="98" sc="1" el="98" ec="2" bec="0" bev="0" fileid="3" />
                <SequencePoint vc="0" uspid="99" ordinal="29" sl="99" sc="1" el="99" ec="2" bec="0" bev="0" fileid="3" />
                <SequencePoint vc="0" uspid="100" ordinal="30" sl="100" sc="1" el="100" ec="2" bec="0" bev="0" fileid="3" />
                <SequencePoint vc="0" uspid="101" ordinal="31" sl="101" sc="1" el="101" ec="2" bec="0" bev="0" fileid="3" />
              </SequencePoints>
              <BranchPoints>
                <BranchPoint vc="0" uspid="74" ordinal="0" path="0" offset="263" offsetend="268" sl="74" fileid="3" />
                <BranchPoint vc="0" uspid="74" ordinal="1" path="1" offset="263" offsetend="549" sl="74" fileid="3" />
              </BranchPoints>
              <MethodPoint vc="0" uspid="0" p8:type="SequencePoint" ordinal="0" offset="0" sc="0" sl="64" ec="1" el="101" bec="0" bev="0" fileid="3" xmlns:p8="xsi" />
            </Method>
          </Methods>
        </Class>
        <Class>
          <Summary numSequencePoints="36" visitedSequencePoints="0" numBranchPoints="20" visitedBranchPoints="0" sequenceCoverage="0" branchCoverage="0" maxCyclomaticComplexity="20" minCyclomaticComplexity="20" visitedClasses="0" numClasses="1" visitedMethods="0" numMethods="1" />
          <FullName>OnlineStore.HttpServer/&lt;ParseRequestAsync&gt;d__7</FullName>
          <Methods>
            <Method cyclomaticComplexity="20" nPathComplexity="20" sequenceCoverage="0" branchCoverage="0" isConstructor="False" isGetter="False" isSetter="False" isStatic="True">
              <Summary numSequencePoints="36" visitedSequencePoints="0" numBranchPoints="20" visitedBranchPoints="0" sequenceCoverage="0" branchCoverage="0" maxCyclomaticComplexity="20" minCyclomaticComplexity="20" visitedClasses="0" numClasses="0" visitedMethods="0" numMethods="1" />
              <MetadataToken />
              <Name>System.Void OnlineStore.HttpServer/&lt;ParseRequestAsync&gt;d__7::MoveNext()</Name>
              <FileRef uid="3" />
              <SequencePoints>
                <SequencePoint vc="0" uspid="104" ordinal="0" sl="104" sc="1" el="104" ec="2" bec="0" bev="0" fileid="3" />
                <SequencePoint vc="0" uspid="105" ordinal="1" sl="105" sc="1" el="105" ec="2" bec="0" bev="0" fileid="3" />
                <SequencePoint vc="0" uspid="106" ordinal="2" sl="106" sc="1" el="106" ec="2" bec="2" bev="0" fileid="3" />
                <SequencePoint vc="0" uspid="108" ordinal="3" sl="108" sc="1" el="108" ec="2" bec="0" bev="0" fileid="3" />
                <SequencePoint vc="0" uspid="109" ordinal="4" sl="109" sc="1" el="109" ec="2" bec="2" bev="0" fileid="3" />
                <SequencePoint vc="0" uspid="111" ordinal="5" sl="111" sc="1" el="111" ec="2" bec="0" bev="0" fileid="3" />
                <SequencePoint vc="0" uspid="112" ordinal="6" sl="112" sc="1" el="112" ec="2" bec="0" bev="0" fileid="3" />
                <SequencePoint vc="0" uspid="113" ordinal="7" sl="113" sc="1" el="113" ec="2" bec="0" bev="0" fileid="3" />
                <SequencePoint vc="0" uspid="114" ordinal="8" sl="114" sc="1" el="114" ec="2" bec="0" bev="0" fileid="3" />
                <SequencePoint vc="0" uspid="115" ordinal="9" sl="115" sc="1" el="115" ec="2" bec="0" bev="0" fileid="3" />
                <SequencePoint vc="0" uspid="117" ordinal="10" sl="117" sc="1" el="117" ec="2" bec="2" bev="0" fileid="3" />
                <SequencePoint vc="0" uspid="118" ordinal="11" sl="118" sc="1" el="118" ec="2" bec="0" bev="0" fileid="3" />
                <SequencePoint vc="0" uspid="119" ordinal="12" sl="119" sc="1" el="119" ec="2" bec="0" bev="0" fileid="3" />
                <SequencePoint vc="0" uspid="120" ordinal="13" sl="120" sc="1" el="120" ec="2" bec="2" bev="0" fileid="3" />
                <SequencePoint vc="0" uspid="121" ordinal="14" sl="121" sc="1" el="121" ec="2" bec="0" bev="0" fileid="3" />
                <SequencePoint vc="0" uspid="122" ordinal="15" sl="122" sc="1" el="122" ec="2" bec="0" bev="0" fileid="3" />
                <SequencePoint vc="0" uspid="123" ordinal="16" sl="123" sc="1" el="123" ec="2" bec="0" bev="0" fileid="3" />
                <SequencePoint vc="0" uspid="124" ordinal="17" sl="124" sc="1" el="124" ec="2" bec="0" bev="0" fileid="3" />
                <SequencePoint vc="0" uspid="126" ordinal="18" sl="126" sc="1" el="126" ec="2" bec="4" bev="0" fileid="3" />
                <SequencePoint vc="0" uspid="127" ordinal="19" sl="127" sc="1" el="127" ec="2" bec="0" bev="0" fileid="3" />
                <SequencePoint vc="0" uspid="128" ordinal="20" sl="128" sc="1" el="128" ec="2" bec="4" bev="0" fileid="3" />
                <SequencePoint vc="0" uspid="129" ordinal="21" sl="129" sc="1" el="129" ec="2" bec="0" bev="0" fileid="3" />
                <SequencePoint vc="0" uspid="130" ordinal="22" sl="130" sc="1" el="130" ec="2" bec="0" bev="0" fileid="3" />
                <SequencePoint vc="0" uspid="131" ordinal="23" sl="131" sc="1" el="131" ec="2" bec="0" bev="0" fileid="3" />
                <SequencePoint vc="0" uspid="132" ordinal="24" sl="132" sc="1" el="132" ec="2" bec="2" bev="0" fileid="3" />
                <SequencePoint vc="0" uspid="133" ordinal="25" sl="133" sc="1" el="133" ec="2" bec="0" bev="0" fileid="3" />
                <SequencePoint vc="0" uspid="134" ordinal="26" sl="134" sc="1" el="134" ec="2" bec="0" bev="0" fileid="3" />
                <SequencePoint vc="0" uspid="135" ordinal="27" sl="135" sc="1" el="135" ec="2" bec="2" bev="0" fileid="3" />
                <SequencePoint vc="0" uspid="136" ordinal="28" sl="136" sc="1" el="136" ec="2" bec="0" bev="0" fileid="3" />
                <SequencePoint vc="0" uspid="137" ordinal="29" sl="137" sc="1" el="137" ec="2" bec="0" bev="0" fileid="3" />
                <SequencePoint vc="0" uspid="138" ordinal="30" sl="138" sc="1" el="138" ec="2" bec="0" bev="0" fileid="3" />
                <SequencePoint vc="0" uspid="139" ordinal="31" sl="139" sc="1" el="139" ec="2" bec="0" bev="0" fileid="3" />
                <SequencePoint vc="0" uspid="140" ordinal="32" sl="140" sc="1" el="140" ec="2" bec="0" bev="0" fileid="3" />
                <SequencePoint vc="0" uspid="141" ordinal="33" sl="141" sc="1" el="141" ec="2" bec="0" bev="0" fileid="3" />
                <SequencePoint vc="0" uspid="143" ordinal="34" sl="143" sc="1" el="143" ec="2" bec="0" bev="0" fileid="3" />
                <SequencePoint vc="0" uspid="144" ordinal="35" sl="144" sc="1" el="144" ec="2" bec="0" bev="0" fileid="3" />
              </SequencePoints>
              <BranchPoints>
                <BranchPoint vc="0" uspid="106" ordinal="0" path="0" offset="189" offsetend="191" sl="106" fileid="3" />
                <BranchPoint vc="0" uspid="106" ordinal="1" path="1" offset="189" offsetend="198" sl="106" fileid="3" />
                <BranchPoint vc="0" uspid="109" ordinal="2" path="0" offset="233" offsetend="235" sl="109" fileid="3" />
                <BranchPoint vc="0" uspid="109" ordinal="3" path="1" offset="233" offsetend="242" sl="109" fileid="3" />
                <BranchPoint vc="0" uspid="117" ordinal="7" path="1" offset="515" offsetend="285" sl="117" fileid="3" />
                <BranchPoint vc="0" uspid="120" ordinal="4" path="0" offset="322" offsetend="324" sl="120" fileid="3" />
                <BranchPoint vc="0" uspid="120" ordinal="5" path="1" offset="322" offsetend="369" sl="120" fileid="3" />
                <BranchPoint vc="0" uspid="117" ordinal="6" path="0" offset="515" offsetend="520" sl="117" fileid="3" />
                <BranchPoint vc="0" uspid="126" ordinal="8" path="0" offset="548" offsetend="550" sl="126" fileid="3" />
                <BranchPoint vc="0" uspid="126" ordinal="9" path="1" offset="548" offsetend="573" sl="126" fileid="3" />
                <BranchPoint vc="0" uspid="126" ordinal="10" path="0" offset="578" offsetend="583" sl="126" fileid="3" />
                <BranchPoint vc="0" uspid="128" ordinal="12" path="0" offset="616" offsetend="618" sl="128" fileid="3" />
                <BranchPoint vc="0" uspid="128" ordinal="13" path="1" offset="616" offsetend="629" sl="128" fileid="3" />
                <BranchPoint vc="0" uspid="128" ordinal="14" path="0" offset="634" offsetend="639" sl="128" fileid="3" />
                <BranchPoint vc="0" uspid="132" ordinal="19" path="1" offset="998" offsetend="796" sl="132" fileid="3" />
                <BranchPoint vc="0" uspid="135" ordinal="17" path="1" offset="956" offsetend="960" sl="135" fileid="3" />
                <BranchPoint vc="0" uspid="135" ordinal="16" path="0" offset="956" offsetend="1003" sl="135" fileid="3" />
                <BranchPoint vc="0" uspid="132" ordinal="18" path="0" offset="998" offsetend="1003" sl="132" fileid="3" />
                <BranchPoint vc="0" uspid="128" ordinal="15" path="1" offset="634" offsetend="1068" sl="128" fileid="3" />
                <BranchPoint vc="0" uspid="126" ordinal="11" path="1" offset="578" offsetend="1069" sl="126" fileid="3" />
              </BranchPoints>
              <MethodPoint vc="0" uspid="0" p8:type="SequencePoint" ordinal="0" offset="0" sc="0" sl="104" ec="1" el="144" bec="0" bev="0" fileid="3" xmlns:p8="xsi" />
            </Method>
          </Methods>
        </Class>
        <Class>
          <Summary numSequencePoints="31" visitedSequencePoints="0" numBranchPoints="2" visitedBranchPoints="0" sequenceCoverage="0" branchCoverage="0" maxCyclomaticComplexity="2" minCyclomaticComplexity="2" visitedClasses="0" numClasses="1" visitedMethods="0" numMethods="1" />
          <FullName>OnlineStore.HttpServer/&lt;StartAsync&gt;d__4</FullName>
          <Methods>
            <Method cyclomaticComplexity="2" nPathComplexity="2" sequenceCoverage="0" branchCoverage="0" isConstructor="False" isGetter="False" isSetter="False" isStatic="True">
              <Summary numSequencePoints="31" visitedSequencePoints="0" numBranchPoints="2" visitedBranchPoints="0" sequenceCoverage="0" branchCoverage="0" maxCyclomaticComplexity="2" minCyclomaticComplexity="2" visitedClasses="0" numClasses="0" visitedMethods="0" numMethods="1" />
              <MetadataToken />
              <Name>System.Void OnlineStore.HttpServer/&lt;StartAsync&gt;d__4::MoveNext()</Name>
              <FileRef uid="3" />
              <SequencePoints>
                <SequencePoint vc="0" uspid="20" ordinal="0" sl="20" sc="1" el="20" ec="2" bec="0" bev="0" fileid="3" />
                <SequencePoint vc="0" uspid="21" ordinal="1" sl="21" sc="1" el="21" ec="2" bec="0" bev="0" fileid="3" />
                <SequencePoint vc="0" uspid="22" ordinal="2" sl="22" sc="1" el="22" ec="2" bec="0" bev="0" fileid="3" />
                <SequencePoint vc="0" uspid="24" ordinal="3" sl="24" sc="1" el="24" ec="2" bec="0" bev="0" fileid="3" />
                <SequencePoint vc="0" uspid="25" ordinal="4" sl="25" sc="1" el="25" ec="2" bec="0" bev="0" fileid="3" />
                <SequencePoint vc="0" uspid="26" ordinal="5" sl="26" sc="1" el="26" ec="2" bec="0" bev="0" fileid="3" />
                <SequencePoint vc="0" uspid="29" ordinal="6" sl="29" sc="1" el="29" ec="2" bec="0" bev="0" fileid="3" />
                <SequencePoint vc="0" uspid="30" ordinal="7" sl="30" sc="1" el="30" ec="2" bec="2" bev="0" fileid="3" />
                <SequencePoint vc="0" uspid="31" ordinal="8" sl="31" sc="1" el="31" ec="2" bec="0" bev="0" fileid="3" />
                <SequencePoint vc="0" uspid="32" ordinal="9" sl="32" sc="1" el="32" ec="2" bec="0" bev="0" fileid="3" />
                <SequencePoint vc="0" uspid="33" ordinal="10" sl="33" sc="1" el="33" ec="2" bec="0" bev="0" fileid="3" />
                <SequencePoint vc="0" uspid="34" ordinal="11" sl="34" sc="1" el="34" ec="2" bec="0" bev="0" fileid="3" />
                <SequencePoint vc="0" uspid="35" ordinal="12" sl="35" sc="1" el="35" ec="2" bec="0" bev="0" fileid="3" />
                <SequencePoint vc="0" uspid="36" ordinal="13" sl="36" sc="1" el="36" ec="2" bec="0" bev="0" fileid="3" />
                <SequencePoint vc="0" uspid="37" ordinal="14" sl="37" sc="1" el="37" ec="2" bec="0" bev="0" fileid="3" />
                <SequencePoint vc="0" uspid="38" ordinal="15" sl="38" sc="1" el="38" ec="2" bec="0" bev="0" fileid="3" />
                <SequencePoint vc="0" uspid="39" ordinal="16" sl="39" sc="1" el="39" ec="2" bec="0" bev="0" fileid="3" />
                <SequencePoint vc="0" uspid="40" ordinal="17" sl="40" sc="1" el="40" ec="2" bec="0" bev="0" fileid="3" />
                <SequencePoint vc="0" uspid="41" ordinal="18" sl="41" sc="1" el="41" ec="2" bec="0" bev="0" fileid="3" />
                <SequencePoint vc="0" uspid="43" ordinal="19" sl="43" sc="1" el="43" ec="2" bec="0" bev="0" fileid="3" />
                <SequencePoint vc="0" uspid="44" ordinal="20" sl="44" sc="1" el="44" ec="2" bec="0" bev="0" fileid="3" />
                <SequencePoint vc="0" uspid="45" ordinal="21" sl="45" sc="1" el="45" ec="2" bec="0" bev="0" fileid="3" />
                <SequencePoint vc="0" uspid="46" ordinal="22" sl="46" sc="1" el="46" ec="2" bec="0" bev="0" fileid="3" />
                <SequencePoint vc="0" uspid="47" ordinal="23" sl="47" sc="1" el="47" ec="2" bec="0" bev="0" fileid="3" />
                <SequencePoint vc="0" uspid="48" ordinal="24" sl="48" sc="1" el="48" ec="2" bec="0" bev="0" fileid="3" />
                <SequencePoint vc="0" uspid="50" ordinal="25" sl="50" sc="1" el="50" ec="2" bec="0" bev="0" fileid="3" />
                <SequencePoint vc="0" uspid="51" ordinal="26" sl="51" sc="1" el="51" ec="2" bec="0" bev="0" fileid="3" />
                <SequencePoint vc="0" uspid="52" ordinal="27" sl="52" sc="1" el="52" ec="2" bec="0" bev="0" fileid="3" />
                <SequencePoint vc="0" uspid="53" ordinal="28" sl="53" sc="1" el="53" ec="2" bec="0" bev="0" fileid="3" />
                <SequencePoint vc="0" uspid="54" ordinal="29" sl="54" sc="1" el="54" ec="2" bec="0" bev="0" fileid="3" />
                <SequencePoint vc="0" uspid="55" ordinal="30" sl="55" sc="1" el="55" ec="2" bec="0" bev="0" fileid="3" />
              </SequencePoints>
              <BranchPoints>
                <BranchPoint vc="0" uspid="30" ordinal="1" path="1" offset="395" offsetend="214" sl="30" fileid="3" />
                <BranchPoint vc="0" uspid="30" ordinal="0" path="0" offset="395" offsetend="400" sl="30" fileid="3" />
              </BranchPoints>
              <MethodPoint vc="0" uspid="0" p8:type="SequencePoint" ordinal="0" offset="0" sc="0" sl="20" ec="1" el="55" bec="0" bev="0" fileid="3" xmlns:p8="xsi" />
            </Method>
          </Methods>
        </Class>
        <Class>
          <Summary numSequencePoints="5" visitedSequencePoints="0" numBranchPoints="0" visitedBranchPoints="0" sequenceCoverage="0" branchCoverage="100" maxCyclomaticComplexity="1" minCyclomaticComplexity="1" visitedClasses="0" numClasses="1" visitedMethods="0" numMethods="1" />
          <FullName>OnlineStore.Program/&lt;&gt;c__DisplayClass0_0</FullName>
          <Methods>
            <Method cyclomaticComplexity="1" nPathComplexity="1" sequenceCoverage="0" branchCoverage="100" isConstructor="False" isGetter="False" isSetter="False" isStatic="True">
              <Summary numSequencePoints="5" visitedSequencePoints="0" numBranchPoints="0" visitedBranchPoints="0" sequenceCoverage="0" branchCoverage="100" maxCyclomaticComplexity="1" minCyclomaticComplexity="1" visitedClasses="0" numClasses="0" visitedMethods="0" numMethods="1" />
              <MetadataToken />
              <Name>System.Void OnlineStore.Program/&lt;&gt;c__DisplayClass0_0::&lt;Main&gt;b__0(System.Object,System.ConsoleCancelEventArgs)</Name>
              <FileRef uid="4" />
              <SequencePoints>
                <SequencePoint vc="0" uspid="16" ordinal="0" sl="16" sc="1" el="16" ec="2" bec="0" bev="0" fileid="4" />
                <SequencePoint vc="0" uspid="17" ordinal="1" sl="17" sc="1" el="17" ec="2" bec="0" bev="0" fileid="4" />
                <SequencePoint vc="0" uspid="18" ordinal="2" sl="18" sc="1" el="18" ec="2" bec="0" bev="0" fileid="4" />
                <SequencePoint vc="0" uspid="19" ordinal="3" sl="19" sc="1" el="19" ec="2" bec="0" bev="0" fileid="4" />
                <SequencePoint vc="0" uspid="20" ordinal="4" sl="20" sc="1" el="20" ec="2" bec="0" bev="0" fileid="4" />
              </SequencePoints>
              <BranchPoints />
              <MethodPoint vc="0" uspid="0" p8:type="SequencePoint" ordinal="0" offset="0" sc="0" sl="16" ec="1" el="20" bec="0" bev="0" fileid="4" xmlns:p8="xsi" />
            </Method>
          </Methods>
        </Class>
        <Class>
          <Summary numSequencePoints="16" visitedSequencePoints="0" numBranchPoints="0" visitedBranchPoints="0" sequenceCoverage="0" branchCoverage="100" maxCyclomaticComplexity="1" minCyclomaticComplexity="1" visitedClasses="0" numClasses="1" visitedMethods="0" numMethods="1" />
          <FullName>OnlineStore.Program/&lt;Main&gt;d__0</FullName>
          <Methods>
            <Method cyclomaticComplexity="1" nPathComplexity="1" sequenceCoverage="0" branchCoverage="100" isConstructor="False" isGetter="False" isSetter="False" isStatic="True">
              <Summary numSequencePoints="16" visitedSequencePoints="0" numBranchPoints="0" visitedBranchPoints="0" sequenceCoverage="0" branchCoverage="100" maxCyclomaticComplexity="1" minCyclomaticComplexity="1" visitedClasses="0" numClasses="0" visitedMethods="0" numMethods="1" />
              <MetadataToken />
              <Name>System.Void OnlineStore.Program/&lt;Main&gt;d__0::MoveNext()</Name>
              <FileRef uid="4" />
              <SequencePoints>
                <SequencePoint vc="0" uspid="10" ordinal="0" sl="10" sc="1" el="10" ec="2" bec="0" bev="0" fileid="4" />
                <SequencePoint vc="0" uspid="11" ordinal="1" sl="11" sc="1" el="11" ec="2" bec="0" bev="0" fileid="4" />
                <SequencePoint vc="0" uspid="12" ordinal="2" sl="12" sc="1" el="12" ec="2" bec="0" bev="0" fileid="4" />
                <SequencePoint vc="0" uspid="13" ordinal="3" sl="13" sc="1" el="13" ec="2" bec="0" bev="0" fileid="4" />
                <SequencePoint vc="0" uspid="15" ordinal="4" sl="15" sc="1" el="15" ec="2" bec="0" bev="0" fileid="4" />
                <SequencePoint vc="0" uspid="23" ordinal="5" sl="23" sc="1" el="23" ec="2" bec="0" bev="0" fileid="4" />
                <SequencePoint vc="0" uspid="24" ordinal="6" sl="24" sc="1" el="24" ec="2" bec="0" bev="0" fileid="4" />
                <SequencePoint vc="0" uspid="25" ordinal="7" sl="25" sc="1" el="25" ec="2" bec="0" bev="0" fileid="4" />
                <SequencePoint vc="0" uspid="26" ordinal="8" sl="26" sc="1" el="26" ec="2" bec="0" bev="0" fileid="4" />
                <SequencePoint vc="0" uspid="27" ordinal="9" sl="27" sc="1" el="27" ec="2" bec="0" bev="0" fileid="4" />
                <SequencePoint vc="0" uspid="28" ordinal="10" sl="28" sc="1" el="28" ec="2" bec="0" bev="0" fileid="4" />
                <SequencePoint vc="0" uspid="29" ordinal="11" sl="29" sc="1" el="29" ec="2" bec="0" bev="0" fileid="4" />
                <SequencePoint vc="0" uspid="31" ordinal="12" sl="31" sc="1" el="31" ec="2" bec="0" bev="0" fileid="4" />
                <SequencePoint vc="0" uspid="32" ordinal="13" sl="32" sc="1" el="32" ec="2" bec="0" bev="0" fileid="4" />
                <SequencePoint vc="0" uspid="33" ordinal="14" sl="33" sc="1" el="33" ec="2" bec="0" bev="0" fileid="4" />
                <SequencePoint vc="0" uspid="34" ordinal="15" sl="34" sc="1" el="34" ec="2" bec="0" bev="0" fileid="4" />
              </SequencePoints>
              <BranchPoints />
              <MethodPoint vc="0" uspid="0" p8:type="SequencePoint" ordinal="0" offset="0" sc="0" sl="10" ec="1" el="34" bec="0" bev="0" fileid="4" xmlns:p8="xsi" />
            </Method>
          </Methods>
        </Class>
        <Class>
          <Summary numSequencePoints="48" visitedSequencePoints="39" numBranchPoints="14" visitedBranchPoints="10" sequenceCoverage="81.25" branchCoverage="71.42" maxCyclomaticComplexity="8" minCyclomaticComplexity="1" visitedClasses="1" numClasses="1" visitedMethods="4" numMethods="4" />
          <FullName>OnlineStore.Router</FullName>
          <Methods>
            <Method cyclomaticComplexity="4" nPathComplexity="4" sequenceCoverage="62.5" branchCoverage="75" isConstructor="False" isGetter="False" isSetter="False" isStatic="True">
              <Summary numSequencePoints="16" visitedSequencePoints="10" numBranchPoints="4" visitedBranchPoints="3" sequenceCoverage="62.5" branchCoverage="75" maxCyclomaticComplexity="4" minCyclomaticComplexity="4" visitedClasses="0" numClasses="0" visitedMethods="1" numMethods="1" />
              <MetadataToken />
              <Name>OnlineStore.HttpResponse OnlineStore.Router::Route(OnlineStore.HttpRequest)</Name>
              <FileRef uid="5" />
              <SequencePoints>
                <SequencePoint vc="4" uspid="18" ordinal="0" sl="18" sc="1" el="18" ec="2" bec="0" bev="0" fileid="5" />
                <SequencePoint vc="4" uspid="20" ordinal="1" sl="20" sc="1" el="20" ec="2" bec="0" bev="0" fileid="5" />
                <SequencePoint vc="4" uspid="21" ordinal="2" sl="21" sc="1" el="21" ec="2" bec="0" bev="0" fileid="5" />
                <SequencePoint vc="4" uspid="23" ordinal="3" sl="23" sc="1" el="23" ec="2" bec="2" bev="2" fileid="5" />
                <SequencePoint vc="2" uspid="24" ordinal="4" sl="24" sc="1" el="24" ec="2" bec="0" bev="0" fileid="5" />
                <SequencePoint vc="2" uspid="25" ordinal="5" sl="25" sc="1" el="25" ec="2" bec="0" bev="0" fileid="5" />
                <SequencePoint vc="2" uspid="27" ordinal="6" sl="27" sc="1" el="27" ec="2" bec="2" bev="1" fileid="5" />
                <SequencePoint vc="2" uspid="28" ordinal="7" sl="28" sc="1" el="28" ec="2" bec="0" bev="0" fileid="5" />
                <SequencePoint vc="2" uspid="29" ordinal="8" sl="29" sc="1" el="29" ec="2" bec="0" bev="0" fileid="5" />
                <SequencePoint vc="0" uspid="33" ordinal="9" sl="33" sc="1" el="33" ec="2" bec="0" bev="0" fileid="5" />
                <SequencePoint vc="0" uspid="34" ordinal="10" sl="34" sc="1" el="34" ec="2" bec="0" bev="0" fileid="5" />
                <SequencePoint vc="0" uspid="36" ordinal="11" sl="36" sc="1" el="36" ec="2" bec="0" bev="0" fileid="5" />
                <SequencePoint vc="0" uspid="37" ordinal="12" sl="37" sc="1" el="37" ec="2" bec="0" bev="0" fileid="5" />
                <SequencePoint vc="0" uspid="38" ordinal="13" sl="38" sc="1" el="38" ec="2" bec="0" bev="0" fileid="5" />
                <SequencePoint vc="0" uspid="39" ordinal="14" sl="39" sc="1" el="39" ec="2" bec="0" bev="0" fileid="5" />
                <SequencePoint vc="4" uspid="41" ordinal="15" sl="41" sc="1" el="41" ec="2" bec="0" bev="0" fileid="5" />
              </SequencePoints>
              <BranchPoints>
                <BranchPoint vc="2" uspid="23" ordinal="0" path="0" offset="53" offsetend="55" sl="23" fileid="5" />
                <BranchPoint vc="2" uspid="23" ordinal="1" path="1" offset="53" offsetend="71" sl="23" fileid="5" />
                <BranchPoint vc="2" uspid="27" ordinal="2" path="0" offset="89" offsetend="91" sl="27" fileid="5" />
                <BranchPoint vc="0" uspid="27" ordinal="3" path="1" offset="89" offsetend="107" sl="27" fileid="5" />
              </BranchPoints>
              <MethodPoint vc="10" uspid="0" p8:type="SequencePoint" ordinal="0" offset="0" sc="0" sl="18" ec="1" el="41" bec="0" bev="0" fileid="5" xmlns:p8="xsi" />
            </Method>
            <Method cyclomaticComplexity="8" nPathComplexity="8" sequenceCoverage="70" branchCoverage="62.5" isConstructor="False" isGetter="False" isSetter="False" isStatic="True">
              <Summary numSequencePoints="10" visitedSequencePoints="7" numBranchPoints="8" visitedBranchPoints="5" sequenceCoverage="70" branchCoverage="62.5" maxCyclomaticComplexity="8" minCyclomaticComplexity="8" visitedClasses="0" numClasses="0" visitedMethods="1" numMethods="1" />
              <MetadataToken />
              <Name>OnlineStore.HttpResponse OnlineStore.Router::HandleGetRequest(System.String)</Name>
              <FileRef uid="5" />
              <SequencePoints>
                <SequencePoint vc="2" uspid="45" ordinal="0" sl="45" sc="1" el="45" ec="2" bec="0" bev="0" fileid="5" />
                <SequencePoint vc="2" uspid="46" ordinal="1" sl="46" sc="1" el="46" ec="2" bec="8" bev="5" fileid="5" />
                <SequencePoint vc="2" uspid="47" ordinal="2" sl="47" sc="1" el="47" ec="2" bec="0" bev="0" fileid="5" />
                <SequencePoint vc="1" uspid="48" ordinal="3" sl="48" sc="1" el="48" ec="2" bec="0" bev="0" fileid="5" />
                <SequencePoint vc="0" uspid="49" ordinal="4" sl="49" sc="1" el="49" ec="2" bec="0" bev="0" fileid="5" />
                <SequencePoint vc="0" uspid="50" ordinal="5" sl="50" sc="1" el="50" ec="2" bec="0" bev="0" fileid="5" />
                <SequencePoint vc="0" uspid="51" ordinal="6" sl="51" sc="1" el="51" ec="2" bec="0" bev="0" fileid="5" />
                <SequencePoint vc="1" uspid="52" ordinal="7" sl="52" sc="1" el="52" ec="2" bec="0" bev="0" fileid="5" />
                <SequencePoint vc="2" uspid="53" ordinal="8" sl="53" sc="1" el="53" ec="2" bec="0" bev="0" fileid="5" />
                <SequencePoint vc="2" uspid="54" ordinal="9" sl="54" sc="1" el="54" ec="2" bec="0" bev="0" fileid="5" />
              </SequencePoints>
              <BranchPoints>
                <BranchPoint vc="1" uspid="46" ordinal="0" path="0" offset="16" offsetend="18" sl="46" fileid="5" />
                <BranchPoint vc="1" uspid="46" ordinal="2" path="0" offset="29" offsetend="31" sl="46" fileid="5" />
                <BranchPoint vc="1" uspid="46" ordinal="4" path="0" offset="42" offsetend="44" sl="46" fileid="5" />
                <BranchPoint vc="1" uspid="46" ordinal="1" path="1" offset="16" offsetend="59" sl="46" fileid="5" />
                <BranchPoint vc="0" uspid="46" ordinal="3" path="1" offset="29" offsetend="89" sl="46" fileid="5" />
                <BranchPoint vc="0" uspid="46" ordinal="5" path="1" offset="42" offsetend="119" sl="46" fileid="5" />
                <BranchPoint vc="0" uspid="46" ordinal="7" path="1" offset="55" offsetend="143" sl="46" fileid="5" />
                <BranchPoint vc="1" uspid="46" ordinal="6" path="0" offset="55" offsetend="173" sl="46" fileid="5" />
              </BranchPoints>
              <MethodPoint vc="7" uspid="0" p8:type="SequencePoint" ordinal="1" offset="1" sc="0" sl="45" ec="1" el="54" bec="0" bev="0" fileid="5" xmlns:p8="xsi" />
            </Method>
            <Method cyclomaticComplexity="2" nPathComplexity="2" sequenceCoverage="100" branchCoverage="100" isConstructor="False" isGetter="False" isSetter="False" isStatic="True">
              <Summary numSequencePoints="18" visitedSequencePoints="18" numBranchPoints="2" visitedBranchPoints="2" sequenceCoverage="100" branchCoverage="100" maxCyclomaticComplexity="2" minCyclomaticComplexity="2" visitedClasses="0" numClasses="0" visitedMethods="1" numMethods="1" />
              <MetadataToken />
              <Name>OnlineStore.HttpResponse OnlineStore.Router::HandlePostRequest(System.String)</Name>
              <FileRef uid="5" />
              <SequencePoints>
                <SequencePoint vc="2" uspid="57" ordinal="0" sl="57" sc="1" el="57" ec="2" bec="0" bev="0" fileid="5" />
                <SequencePoint vc="2" uspid="58" ordinal="1" sl="58" sc="1" el="58" ec="2" bec="0" bev="0" fileid="5" />
                <SequencePoint vc="2" uspid="59" ordinal="2" sl="59" sc="1" el="59" ec="2" bec="0" bev="0" fileid="5" />
                <SequencePoint vc="2" uspid="60" ordinal="3" sl="60" sc="1" el="60" ec="2" bec="0" bev="0" fileid="5" />
                <SequencePoint vc="2" uspid="61" ordinal="4" sl="61" sc="1" el="61" ec="2" bec="0" bev="0" fileid="5" />
                <SequencePoint vc="2" uspid="62" ordinal="5" sl="62" sc="1" el="62" ec="2" bec="0" bev="0" fileid="5" />
                <SequencePoint vc="2" uspid="63" ordinal="6" sl="63" sc="1" el="63" ec="2" bec="0" bev="0" fileid="5" />
                <SequencePoint vc="2" uspid="65" ordinal="7" sl="65" sc="1" el="65" ec="2" bec="2" bev="2" fileid="5" />
                <SequencePoint vc="1" uspid="66" ordinal="8" sl="66" sc="1" el="66" ec="2" bec="0" bev="0" fileid="5" />
                <SequencePoint vc="1" uspid="68" ordinal="9" sl="68" sc="1" el="68" ec="2" bec="0" bev="0" fileid="5" />
                <SequencePoint vc="1" uspid="69" ordinal="10" sl="69" sc="1" el="69" ec="2" bec="0" bev="0" fileid="5" />
                <SequencePoint vc="1" uspid="70" ordinal="11" sl="70" sc="1" el="70" ec="2" bec="0" bev="0" fileid="5" />
                <SequencePoint vc="1" uspid="71" ordinal="12" sl="71" sc="1" el="71" ec="2" bec="0" bev="0" fileid="5" />
                <SequencePoint vc="1" uspid="75" ordinal="13" sl="75" sc="1" el="75" ec="2" bec="0" bev="0" fileid="5" />
                <SequencePoint vc="1" uspid="76" ordinal="14" sl="76" sc="1" el="76" ec="2" bec="0" bev="0" fileid="5" />
                <SequencePoint vc="1" uspid="77" ordinal="15" sl="77" sc="1" el="77" ec="2" bec="0" bev="0" fileid="5" />
                <SequencePoint vc="1" uspid="78" ordinal="16" sl="78" sc="1" el="78" ec="2" bec="0" bev="0" fileid="5" />
                <SequencePoint vc="2" uspid="82" ordinal="17" sl="82" sc="1" el="82" ec="2" bec="0" bev="0" fileid="5" />
              </SequencePoints>
              <BranchPoints>
                <BranchPoint vc="1" uspid="65" ordinal="0" path="0" offset="168" offsetend="170" sl="65" fileid="5" />
                <BranchPoint vc="1" uspid="65" ordinal="1" path="1" offset="168" offsetend="217" sl="65" fileid="5" />
              </BranchPoints>
              <MethodPoint vc="18" uspid="0" p8:type="SequencePoint" ordinal="2" offset="2" sc="0" sl="57" ec="1" el="82" bec="0" bev="0" fileid="5" xmlns:p8="xsi" />
            </Method>
            <Method cyclomaticComplexity="1" nPathComplexity="1" sequenceCoverage="100" branchCoverage="100" isConstructor="True" isGetter="False" isSetter="False" isStatic="True">
              <Summary numSequencePoints="4" visitedSequencePoints="4" numBranchPoints="0" visitedBranchPoints="0" sequenceCoverage="100" branchCoverage="100" maxCyclomaticComplexity="1" minCyclomaticComplexity="1" visitedClasses="0" numClasses="0" visitedMethods="1" numMethods="1" />
              <MetadataToken />
              <Name>System.Void OnlineStore.Router::.ctor(OnlineStore.Models.ProjectState)</Name>
              <FileRef uid="5" />
              <SequencePoints>
                <SequencePoint vc="6" uspid="12" ordinal="0" sl="12" sc="1" el="12" ec="2" bec="0" bev="0" fileid="5" />
                <SequencePoint vc="6" uspid="13" ordinal="1" sl="13" sc="1" el="13" ec="2" bec="0" bev="0" fileid="5" />
                <SequencePoint vc="6" uspid="14" ordinal="2" sl="14" sc="1" el="14" ec="2" bec="0" bev="0" fileid="5" />
                <SequencePoint vc="6" uspid="15" ordinal="3" sl="15" sc="1" el="15" ec="2" bec="0" bev="0" fileid="5" />
              </SequencePoints>
              <BranchPoints />
              <MethodPoint vc="4" uspid="0" p8:type="SequencePoint" ordinal="3" offset="3" sc="0" sl="12" ec="1" el="15" bec="0" bev="0" fileid="5" xmlns:p8="xsi" />
            </Method>
          </Methods>
        </Class>
        <Class>
          <Summary numSequencePoints="22" visitedSequencePoints="22" numBranchPoints="0" visitedBranchPoints="0" sequenceCoverage="100" branchCoverage="100" maxCyclomaticComplexity="1" minCyclomaticComplexity="1" visitedClasses="1" numClasses="1" visitedMethods="1" numMethods="1" />
          <FullName>OnlineStore.Views.ErrorView</FullName>
          <Methods>
            <Method cyclomaticComplexity="1" nPathComplexity="1" sequenceCoverage="100" branchCoverage="100" isConstructor="False" isGetter="False" isSetter="False" isStatic="True">
              <Summary numSequencePoints="22" visitedSequencePoints="22" numBranchPoints="0" visitedBranchPoints="0" sequenceCoverage="100" branchCoverage="100" maxCyclomaticComplexity="1" minCyclomaticComplexity="1" visitedClasses="0" numClasses="0" visitedMethods="1" numMethods="1" />
              <MetadataToken />
              <Name>System.String OnlineStore.Views.ErrorView::Render(System.String)</Name>
              <FileRef uid="6" />
              <SequencePoints>
                <SequencePoint vc="1" uspid="6" ordinal="0" sl="6" sc="1" el="6" ec="2" bec="0" bev="0" fileid="6" />
                <SequencePoint vc="1" uspid="7" ordinal="1" sl="7" sc="1" el="7" ec="2" bec="0" bev="0" fileid="6" />
                <SequencePoint vc="1" uspid="8" ordinal="2" sl="8" sc="1" el="8" ec="2" bec="0" bev="0" fileid="6" />
                <SequencePoint vc="1" uspid="9" ordinal="3" sl="9" sc="1" el="9" ec="2" bec="0" bev="0" fileid="6" />
                <SequencePoint vc="1" uspid="10" ordinal="4" sl="10" sc="1" el="10" ec="2" bec="0" bev="0" fileid="6" />
                <SequencePoint vc="1" uspid="11" ordinal="5" sl="11" sc="1" el="11" ec="2" bec="0" bev="0" fileid="6" />
                <SequencePoint vc="1" uspid="12" ordinal="6" sl="12" sc="1" el="12" ec="2" bec="0" bev="0" fileid="6" />
                <SequencePoint vc="1" uspid="13" ordinal="7" sl="13" sc="1" el="13" ec="2" bec="0" bev="0" fileid="6" />
                <SequencePoint vc="1" uspid="14" ordinal="8" sl="14" sc="1" el="14" ec="2" bec="0" bev="0" fileid="6" />
                <SequencePoint vc="1" uspid="15" ordinal="9" sl="15" sc="1" el="15" ec="2" bec="0" bev="0" fileid="6" />
                <SequencePoint vc="1" uspid="16" ordinal="10" sl="16" sc="1" el="16" ec="2" bec="0" bev="0" fileid="6" />
                <SequencePoint vc="1" uspid="17" ordinal="11" sl="17" sc="1" el="17" ec="2" bec="0" bev="0" fileid="6" />
                <SequencePoint vc="1" uspid="18" ordinal="12" sl="18" sc="1" el="18" ec="2" bec="0" bev="0" fileid="6" />
                <SequencePoint vc="1" uspid="19" ordinal="13" sl="19" sc="1" el="19" ec="2" bec="0" bev="0" fileid="6" />
                <SequencePoint vc="1" uspid="20" ordinal="14" sl="20" sc="1" el="20" ec="2" bec="0" bev="0" fileid="6" />
                <SequencePoint vc="1" uspid="21" ordinal="15" sl="21" sc="1" el="21" ec="2" bec="0" bev="0" fileid="6" />
                <SequencePoint vc="1" uspid="22" ordinal="16" sl="22" sc="1" el="22" ec="2" bec="0" bev="0" fileid="6" />
                <SequencePoint vc="1" uspid="23" ordinal="17" sl="23" sc="1" el="23" ec="2" bec="0" bev="0" fileid="6" />
                <SequencePoint vc="1" uspid="24" ordinal="18" sl="24" sc="1" el="24" ec="2" bec="0" bev="0" fileid="6" />
                <SequencePoint vc="1" uspid="25" ordinal="19" sl="25" sc="1" el="25" ec="2" bec="0" bev="0" fileid="6" />
                <SequencePoint vc="1" uspid="26" ordinal="20" sl="26" sc="1" el="26" ec="2" bec="0" bev="0" fileid="6" />
                <SequencePoint vc="1" uspid="27" ordinal="21" sl="27" sc="1" el="27" ec="2" bec="0" bev="0" fileid="6" />
              </SequencePoints>
              <BranchPoints />
              <MethodPoint vc="22" uspid="0" p8:type="SequencePoint" ordinal="0" offset="0" sc="0" sl="6" ec="1" el="27" bec="0" bev="0" fileid="6" xmlns:p8="xsi" />
            </Method>
          </Methods>
        </Class>
        <Class>
          <Summary numSequencePoints="53" visitedSequencePoints="53" numBranchPoints="2" visitedBranchPoints="2" sequenceCoverage="100" branchCoverage="100" maxCyclomaticComplexity="2" minCyclomaticComplexity="2" visitedClasses="1" numClasses="1" visitedMethods="1" numMethods="1" />
          <FullName>OnlineStore.Views.FavoritesView</FullName>
          <Methods>
            <Method cyclomaticComplexity="2" nPathComplexity="2" sequenceCoverage="100" branchCoverage="100" isConstructor="False" isGetter="False" isSetter="False" isStatic="True">
              <Summary numSequencePoints="53" visitedSequencePoints="53" numBranchPoints="2" visitedBranchPoints="2" sequenceCoverage="100" branchCoverage="100" maxCyclomaticComplexity="2" minCyclomaticComplexity="2" visitedClasses="0" numClasses="0" visitedMethods="1" numMethods="1" />
              <MetadataToken />
              <Name>System.String OnlineStore.Views.FavoritesView::Render(OnlineStore.Models.ProjectState)</Name>
              <FileRef uid="7" />
              <SequencePoints>
                <SequencePoint vc="2" uspid="8" ordinal="0" sl="8" sc="1" el="8" ec="2" bec="0" bev="0" fileid="7" />
                <SequencePoint vc="2" uspid="9" ordinal="1" sl="9" sc="1" el="9" ec="2" bec="0" bev="0" fileid="7" />
                <SequencePoint vc="2" uspid="11" ordinal="2" sl="11" sc="1" el="11" ec="2" bec="2" bev="2" fileid="7" />
                <SequencePoint vc="1" uspid="12" ordinal="3" sl="12" sc="1" el="12" ec="2" bec="0" bev="0" fileid="7" />
                <SequencePoint vc="2" uspid="13" ordinal="4" sl="13" sc="1" el="13" ec="2" bec="0" bev="0" fileid="7" />
                <SequencePoint vc="2" uspid="14" ordinal="5" sl="14" sc="1" el="14" ec="2" bec="0" bev="0" fileid="7" />
                <SequencePoint vc="2" uspid="15" ordinal="6" sl="15" sc="1" el="15" ec="2" bec="0" bev="0" fileid="7" />
                <SequencePoint vc="2" uspid="16" ordinal="7" sl="16" sc="1" el="16" ec="2" bec="0" bev="0" fileid="7" />
                <SequencePoint vc="2" uspid="17" ordinal="8" sl="17" sc="1" el="17" ec="2" bec="0" bev="0" fileid="7" />
                <SequencePoint vc="2" uspid="18" ordinal="9" sl="18" sc="1" el="18" ec="2" bec="0" bev="0" fileid="7" />
                <SequencePoint vc="2" uspid="19" ordinal="10" sl="19" sc="1" el="19" ec="2" bec="0" bev="0" fileid="7" />
                <SequencePoint vc="2" uspid="20" ordinal="11" sl="20" sc="1" el="20" ec="2" bec="0" bev="0" fileid="7" />
                <SequencePoint vc="2" uspid="21" ordinal="12" sl="21" sc="1" el="21" ec="2" bec="0" bev="0" fileid="7" />
                <SequencePoint vc="2" uspid="22" ordinal="13" sl="22" sc="1" el="22" ec="2" bec="0" bev="0" fileid="7" />
                <SequencePoint vc="2" uspid="23" ordinal="14" sl="23" sc="1" el="23" ec="2" bec="0" bev="0" fileid="7" />
                <SequencePoint vc="2" uspid="24" ordinal="15" sl="24" sc="1" el="24" ec="2" bec="0" bev="0" fileid="7" />
                <SequencePoint vc="1" uspid="25" ordinal="16" sl="25" sc="1" el="25" ec="2" bec="0" bev="0" fileid="7" />
                <SequencePoint vc="1" uspid="27" ordinal="17" sl="27" sc="1" el="27" ec="2" bec="0" bev="0" fileid="7" />
                <SequencePoint vc="1" uspid="28" ordinal="18" sl="28" sc="1" el="28" ec="2" bec="0" bev="0" fileid="7" />
                <SequencePoint vc="1" uspid="29" ordinal="19" sl="29" sc="1" el="29" ec="2" bec="0" bev="0" fileid="7" />
                <SequencePoint vc="2" uspid="31" ordinal="20" sl="31" sc="1" el="31" ec="2" bec="0" bev="0" fileid="7" />
                <SequencePoint vc="2" uspid="32" ordinal="21" sl="32" sc="1" el="32" ec="2" bec="0" bev="0" fileid="7" />
                <SequencePoint vc="2" uspid="33" ordinal="22" sl="33" sc="1" el="33" ec="2" bec="0" bev="0" fileid="7" />
                <SequencePoint vc="2" uspid="34" ordinal="23" sl="34" sc="1" el="34" ec="2" bec="0" bev="0" fileid="7" />
                <SequencePoint vc="2" uspid="35" ordinal="24" sl="35" sc="1" el="35" ec="2" bec="0" bev="0" fileid="7" />
                <SequencePoint vc="2" uspid="36" ordinal="25" sl="36" sc="1" el="36" ec="2" bec="0" bev="0" fileid="7" />
                <SequencePoint vc="2" uspid="37" ordinal="26" sl="37" sc="1" el="37" ec="2" bec="0" bev="0" fileid="7" />
                <SequencePoint vc="2" uspid="38" ordinal="27" sl="38" sc="1" el="38" ec="2" bec="0" bev="0" fileid="7" />
                <SequencePoint vc="2" uspid="39" ordinal="28" sl="39" sc="1" el="39" ec="2" bec="0" bev="0" fileid="7" />
                <SequencePoint vc="2" uspid="40" ordinal="29" sl="40" sc="1" el="40" ec="2" bec="0" bev="0" fileid="7" />
                <SequencePoint vc="2" uspid="41" ordinal="30" sl="41" sc="1" el="41" ec="2" bec="0" bev="0" fileid="7" />
                <SequencePoint vc="2" uspid="42" ordinal="31" sl="42" sc="1" el="42" ec="2" bec="0" bev="0" fileid="7" />
                <SequencePoint vc="2" uspid="43" ordinal="32" sl="43" sc="1" el="43" ec="2" bec="0" bev="0" fileid="7" />
                <SequencePoint vc="2" uspid="44" ordinal="33" sl="44" sc="1" el="44" ec="2" bec="0" bev="0" fileid="7" />
                <SequencePoint vc="2" uspid="45" ordinal="34" sl="45" sc="1" el="45" ec="2" bec="0" bev="0" fileid="7" />
                <SequencePoint vc="2" uspid="46" ordinal="35" sl="46" sc="1" el="46" ec="2" bec="0" bev="0" fileid="7" />
                <SequencePoint vc="2" uspid="47" ordinal="36" sl="47" sc="1" el="47" ec="2" bec="0" bev="0" fileid="7" />
                <SequencePoint vc="2" uspid="48" ordinal="37" sl="48" sc="1" el="48" ec="2" bec="0" bev="0" fileid="7" />
                <SequencePoint vc="2" uspid="49" ordinal="38" sl="49" sc="1" el="49" ec="2" bec="0" bev="0" fileid="7" />
                <SequencePoint vc="2" uspid="50" ordinal="39" sl="50" sc="1" el="50" ec="2" bec="0" bev="0" fileid="7" />
                <SequencePoint vc="2" uspid="51" ordinal="40" sl="51" sc="1" el="51" ec="2" bec="0" bev="0" fileid="7" />
                <SequencePoint vc="2" uspid="52" ordinal="41" sl="52" sc="1" el="52" ec="2" bec="0" bev="0" fileid="7" />
                <SequencePoint vc="2" uspid="53" ordinal="42" sl="53" sc="1" el="53" ec="2" bec="0" bev="0" fileid="7" />
                <SequencePoint vc="2" uspid="54" ordinal="43" sl="54" sc="1" el="54" ec="2" bec="0" bev="0" fileid="7" />
                <SequencePoint vc="2" uspid="55" ordinal="44" sl="55" sc="1" el="55" ec="2" bec="0" bev="0" fileid="7" />
                <SequencePoint vc="2" uspid="56" ordinal="45" sl="56" sc="1" el="56" ec="2" bec="0" bev="0" fileid="7" />
                <SequencePoint vc="2" uspid="57" ordinal="46" sl="57" sc="1" el="57" ec="2" bec="0" bev="0" fileid="7" />
                <SequencePoint vc="2" uspid="58" ordinal="47" sl="58" sc="1" el="58" ec="2" bec="0" bev="0" fileid="7" />
                <SequencePoint vc="2" uspid="59" ordinal="48" sl="59" sc="1" el="59" ec="2" bec="0" bev="0" fileid="7" />
                <SequencePoint vc="2" uspid="60" ordinal="49" sl="60" sc="1" el="60" ec="2" bec="0" bev="0" fileid="7" />
                <SequencePoint vc="2" uspid="61" ordinal="50" sl="61" sc="1" el="61" ec="2" bec="0" bev="0" fileid="7" />
                <SequencePoint vc="2" uspid="62" ordinal="51" sl="62" sc="1" el="62" ec="2" bec="0" bev="0" fileid="7" />
                <SequencePoint vc="2" uspid="63" ordinal="52" sl="63" sc="1" el="63" ec="2" bec="0" bev="0" fileid="7" />
              </SequencePoints>
              <BranchPoints>
                <BranchPoint vc="1" uspid="11" ordinal="0" path="0" offset="23" offsetend="25" sl="11" fileid="7" />
                <BranchPoint vc="1" uspid="11" ordinal="1" path="1" offset="23" offsetend="82" sl="11" fileid="7" />
              </BranchPoints>
              <MethodPoint vc="53" uspid="0" p8:type="SequencePoint" ordinal="0" offset="0" sc="0" sl="8" ec="1" el="63" bec="0" bev="0" fileid="7" xmlns:p8="xsi" />
            </Method>
          </Methods>
        </Class>
        <Class>
          <Summary numSequencePoints="154" visitedSequencePoints="119" numBranchPoints="4" visitedBranchPoints="1" sequenceCoverage="77.27" branchCoverage="25" maxCyclomaticComplexity="4" minCyclomaticComplexity="4" visitedClasses="1" numClasses="1" visitedMethods="1" numMethods="1" />
          <FullName>OnlineStore.Views.HomeView</FullName>
          <Methods>
            <Method cyclomaticComplexity="4" nPathComplexity="4" sequenceCoverage="77.27" branchCoverage="25" isConstructor="False" isGetter="False" isSetter="False" isStatic="True">
              <Summary numSequencePoints="154" visitedSequencePoints="119" numBranchPoints="4" visitedBranchPoints="1" sequenceCoverage="77.27" branchCoverage="25" maxCyclomaticComplexity="4" minCyclomaticComplexity="4" visitedClasses="0" numClasses="0" visitedMethods="1" numMethods="1" />
              <MetadataToken />
              <Name>System.String OnlineStore.Views.HomeView::Render(OnlineStore.Models.ProjectState)</Name>
              <FileRef uid="8" />
              <SequencePoints>
                <SequencePoint vc="1" uspid="9" ordinal="0" sl="9" sc="1" el="9" ec="2" bec="0" bev="0" fileid="8" />
                <SequencePoint vc="1" uspid="11" ordinal="1" sl="11" sc="1" el="11" ec="2" bec="0" bev="0" fileid="8" />
                <SequencePoint vc="4" uspid="12" ordinal="2" sl="12" sc="1" el="12" ec="2" bec="0" bev="0" fileid="8" />
                <SequencePoint vc="1" uspid="13" ordinal="3" sl="13" sc="1" el="13" ec="2" bec="0" bev="0" fileid="8" />
                <SequencePoint vc="4" uspid="14" ordinal="4" sl="14" sc="1" el="14" ec="2" bec="0" bev="0" fileid="8" />
                <SequencePoint vc="0" uspid="15" ordinal="5" sl="15" sc="1" el="15" ec="2" bec="0" bev="0" fileid="8" />
                <SequencePoint vc="4" uspid="16" ordinal="6" sl="16" sc="1" el="16" ec="2" bec="0" bev="0" fileid="8" />
                <SequencePoint vc="4" uspid="17" ordinal="7" sl="17" sc="1" el="17" ec="2" bec="0" bev="0" fileid="8" />
                <SequencePoint vc="4" uspid="18" ordinal="8" sl="18" sc="1" el="18" ec="2" bec="0" bev="0" fileid="8" />
                <SequencePoint vc="4" uspid="19" ordinal="9" sl="19" sc="1" el="19" ec="2" bec="0" bev="0" fileid="8" />
                <SequencePoint vc="4" uspid="20" ordinal="10" sl="20" sc="1" el="20" ec="2" bec="0" bev="0" fileid="8" />
                <SequencePoint vc="4" uspid="21" ordinal="11" sl="21" sc="1" el="21" ec="2" bec="0" bev="0" fileid="8" />
                <SequencePoint vc="1" uspid="22" ordinal="12" sl="22" sc="1" el="22" ec="2" bec="0" bev="0" fileid="8" />
                <SequencePoint vc="1" uspid="23" ordinal="13" sl="23" sc="1" el="23" ec="2" bec="0" bev="0" fileid="8" />
                <SequencePoint vc="4" uspid="24" ordinal="14" sl="24" sc="1" el="24" ec="2" bec="0" bev="0" fileid="8" />
                <SequencePoint vc="0" uspid="25" ordinal="15" sl="25" sc="1" el="25" ec="2" bec="0" bev="0" fileid="8" />
                <SequencePoint vc="0" uspid="26" ordinal="16" sl="26" sc="1" el="26" ec="2" bec="0" bev="0" fileid="8" />
                <SequencePoint vc="4" uspid="27" ordinal="17" sl="27" sc="1" el="27" ec="2" bec="0" bev="0" fileid="8" />
                <SequencePoint vc="4" uspid="28" ordinal="18" sl="28" sc="1" el="28" ec="2" bec="0" bev="0" fileid="8" />
                <SequencePoint vc="1" uspid="29" ordinal="19" sl="29" sc="1" el="29" ec="2" bec="0" bev="0" fileid="8" />
                <SequencePoint vc="1" uspid="30" ordinal="20" sl="30" sc="1" el="30" ec="2" bec="0" bev="0" fileid="8" />
                <SequencePoint vc="4" uspid="31" ordinal="21" sl="31" sc="1" el="31" ec="2" bec="0" bev="0" fileid="8" />
                <SequencePoint vc="4" uspid="32" ordinal="22" sl="32" sc="1" el="32" ec="2" bec="0" bev="0" fileid="8" />
                <SequencePoint vc="4" uspid="33" ordinal="23" sl="33" sc="1" el="33" ec="2" bec="0" bev="0" fileid="8" />
                <SequencePoint vc="4" uspid="34" ordinal="24" sl="34" sc="1" el="34" ec="2" bec="0" bev="0" fileid="8" />
                <SequencePoint vc="4" uspid="35" ordinal="25" sl="35" sc="1" el="35" ec="2" bec="0" bev="0" fileid="8" />
                <SequencePoint vc="4" uspid="36" ordinal="26" sl="36" sc="1" el="36" ec="2" bec="0" bev="0" fileid="8" />
                <SequencePoint vc="4" uspid="37" ordinal="27" sl="37" sc="1" el="37" ec="2" bec="0" bev="0" fileid="8" />
                <SequencePoint vc="4" uspid="38" ordinal="28" sl="38" sc="1" el="38" ec="2" bec="0" bev="0" fileid="8" />
                <SequencePoint vc="4" uspid="39" ordinal="29" sl="39" sc="1" el="39" ec="2" bec="0" bev="0" fileid="8" />
                <SequencePoint vc="4" uspid="40" ordinal="30" sl="40" sc="1" el="40" ec="2" bec="0" bev="0" fileid="8" />
                <SequencePoint vc="4" uspid="41" ordinal="31" sl="41" sc="1" el="41" ec="2" bec="0" bev="0" fileid="8" />
                <SequencePoint vc="4" uspid="42" ordinal="32" sl="42" sc="1" el="42" ec="2" bec="0" bev="0" fileid="8" />
                <SequencePoint vc="4" uspid="43" ordinal="33" sl="43" sc="1" el="43" ec="2" bec="0" bev="0" fileid="8" />
                <SequencePoint vc="4" uspid="44" ordinal="34" sl="44" sc="1" el="44" ec="2" bec="0" bev="0" fileid="8" />
                <SequencePoint vc="4" uspid="45" ordinal="35" sl="45" sc="1" el="45" ec="2" bec="0" bev="0" fileid="8" />
                <SequencePoint vc="4" uspid="46" ordinal="36" sl="46" sc="1" el="46" ec="2" bec="0" bev="0" fileid="8" />
                <SequencePoint vc="4" uspid="47" ordinal="37" sl="47" sc="1" el="47" ec="2" bec="0" bev="0" fileid="8" />
                <SequencePoint vc="4" uspid="48" ordinal="38" sl="48" sc="1" el="48" ec="2" bec="0" bev="0" fileid="8" />
                <SequencePoint vc="4" uspid="49" ordinal="39" sl="49" sc="1" el="49" ec="2" bec="0" bev="0" fileid="8" />
                <SequencePoint vc="4" uspid="50" ordinal="40" sl="50" sc="1" el="50" ec="2" bec="0" bev="0" fileid="8" />
                <SequencePoint vc="4" uspid="51" ordinal="41" sl="51" sc="1" el="51" ec="2" bec="0" bev="0" fileid="8" />
                <SequencePoint vc="4" uspid="52" ordinal="42" sl="52" sc="1" el="52" ec="2" bec="0" bev="0" fileid="8" />
                <SequencePoint vc="4" uspid="53" ordinal="43" sl="53" sc="1" el="53" ec="2" bec="0" bev="0" fileid="8" />
                <SequencePoint vc="4" uspid="54" ordinal="44" sl="54" sc="1" el="54" ec="2" bec="0" bev="0" fileid="8" />
                <SequencePoint vc="4" uspid="55" ordinal="45" sl="55" sc="1" el="55" ec="2" bec="0" bev="0" fileid="8" />
                <SequencePoint vc="4" uspid="56" ordinal="46" sl="56" sc="1" el="56" ec="2" bec="0" bev="0" fileid="8" />
                <SequencePoint vc="4" uspid="57" ordinal="47" sl="57" sc="1" el="57" ec="2" bec="0" bev="0" fileid="8" />
                <SequencePoint vc="4" uspid="58" ordinal="48" sl="58" sc="1" el="58" ec="2" bec="0" bev="0" fileid="8" />
                <SequencePoint vc="4" uspid="59" ordinal="49" sl="59" sc="1" el="59" ec="2" bec="0" bev="0" fileid="8" />
                <SequencePoint vc="4" uspid="60" ordinal="50" sl="60" sc="1" el="60" ec="2" bec="0" bev="0" fileid="8" />
                <SequencePoint vc="4" uspid="61" ordinal="51" sl="61" sc="1" el="61" ec="2" bec="0" bev="0" fileid="8" />
                <SequencePoint vc="4" uspid="62" ordinal="52" sl="62" sc="1" el="62" ec="2" bec="0" bev="0" fileid="8" />
                <SequencePoint vc="4" uspid="63" ordinal="53" sl="63" sc="1" el="63" ec="2" bec="0" bev="0" fileid="8" />
                <SequencePoint vc="4" uspid="64" ordinal="54" sl="64" sc="1" el="64" ec="2" bec="0" bev="0" fileid="8" />
                <SequencePoint vc="4" uspid="65" ordinal="55" sl="65" sc="1" el="65" ec="2" bec="0" bev="0" fileid="8" />
                <SequencePoint vc="4" uspid="66" ordinal="56" sl="66" sc="1" el="66" ec="2" bec="0" bev="0" fileid="8" />
                <SequencePoint vc="4" uspid="67" ordinal="57" sl="67" sc="1" el="67" ec="2" bec="0" bev="0" fileid="8" />
                <SequencePoint vc="4" uspid="68" ordinal="58" sl="68" sc="1" el="68" ec="2" bec="0" bev="0" fileid="8" />
                <SequencePoint vc="5" uspid="69" ordinal="59" sl="69" sc="1" el="69" ec="2" bec="0" bev="0" fileid="8" />
                <SequencePoint vc="1" uspid="72" ordinal="60" sl="72" sc="1" el="72" ec="2" bec="0" bev="0" fileid="8" />
                <SequencePoint vc="1" uspid="73" ordinal="61" sl="73" sc="1" el="73" ec="2" bec="2" bev="1" fileid="8" />
                <SequencePoint vc="0" uspid="74" ordinal="62" sl="74" sc="1" el="74" ec="2" bec="0" bev="0" fileid="8" />
                <SequencePoint vc="0" uspid="75" ordinal="63" sl="75" sc="1" el="75" ec="2" bec="0" bev="0" fileid="8" />
                <SequencePoint vc="0" uspid="76" ordinal="64" sl="76" sc="1" el="76" ec="2" bec="0" bev="0" fileid="8" />
                <SequencePoint vc="0" uspid="77" ordinal="65" sl="77" sc="1" el="77" ec="2" bec="0" bev="0" fileid="8" />
                <SequencePoint vc="0" uspid="78" ordinal="66" sl="78" sc="1" el="78" ec="2" bec="0" bev="0" fileid="8" />
                <SequencePoint vc="0" uspid="79" ordinal="67" sl="79" sc="1" el="79" ec="2" bec="0" bev="0" fileid="8" />
                <SequencePoint vc="0" uspid="80" ordinal="68" sl="80" sc="1" el="80" ec="2" bec="0" bev="0" fileid="8" />
                <SequencePoint vc="0" uspid="81" ordinal="69" sl="81" sc="1" el="81" ec="2" bec="0" bev="0" fileid="8" />
                <SequencePoint vc="0" uspid="82" ordinal="70" sl="82" sc="1" el="82" ec="2" bec="0" bev="0" fileid="8" />
                <SequencePoint vc="0" uspid="83" ordinal="71" sl="83" sc="1" el="83" ec="2" bec="0" bev="0" fileid="8" />
                <SequencePoint vc="0" uspid="84" ordinal="72" sl="84" sc="1" el="84" ec="2" bec="0" bev="0" fileid="8" />
[...]
                <SequencePoint vc="1" uspid="62" ordinal="39" sl="62" sc="1" el="62" ec="2" bec="0" bev="0" fileid="17" />
                <SequencePoint vc="1" uspid="63" ordinal="40" sl="63" sc="1" el="63" ec="2" bec="0" bev="0" fileid="17" />
                <SequencePoint vc="1" uspid="64" ordinal="41" sl="64" sc="1" el="64" ec="2" bec="0" bev="0" fileid="17" />
                <SequencePoint vc="1" uspid="68" ordinal="42" sl="68" sc="1" el="68" ec="2" bec="2" bev="2" fileid="17" />
                <SequencePoint vc="1" uspid="69" ordinal="43" sl="69" sc="1" el="69" ec="2" bec="0" bev="0" fileid="17" />
                <SequencePoint vc="2" uspid="70" ordinal="44" sl="70" sc="1" el="70" ec="2" bec="0" bev="0" fileid="17" />
                <SequencePoint vc="1" uspid="71" ordinal="45" sl="71" sc="1" el="71" ec="2" bec="2" bev="2" fileid="17" />
                <SequencePoint vc="1" uspid="72" ordinal="46" sl="72" sc="1" el="72" ec="2" bec="0" bev="0" fileid="17" />
                <SequencePoint vc="1" uspid="73" ordinal="47" sl="73" sc="1" el="73" ec="2" bec="0" bev="0" fileid="17" />
                <SequencePoint vc="1" uspid="74" ordinal="48" sl="74" sc="1" el="74" ec="2" bec="0" bev="0" fileid="17" />
                <SequencePoint vc="1" uspid="75" ordinal="49" sl="75" sc="1" el="75" ec="2" bec="0" bev="0" fileid="17" />
                <SequencePoint vc="1" uspid="76" ordinal="50" sl="76" sc="1" el="76" ec="2" bec="0" bev="0" fileid="17" />
                <SequencePoint vc="1" uspid="77" ordinal="51" sl="77" sc="1" el="77" ec="2" bec="0" bev="0" fileid="17" />
                <SequencePoint vc="2" uspid="81" ordinal="52" sl="81" sc="1" el="81" ec="2" bec="2" bev="2" fileid="17" />
                <SequencePoint vc="2" uspid="82" ordinal="53" sl="82" sc="1" el="82" ec="2" bec="0" bev="0" fileid="17" />
                <SequencePoint vc="2" uspid="83" ordinal="54" sl="83" sc="1" el="83" ec="2" bec="0" bev="0" fileid="17" />
                <SequencePoint vc="5" uspid="84" ordinal="55" sl="84" sc="1" el="84" ec="2" bec="2" bev="2" fileid="17" />
                <SequencePoint vc="2" uspid="85" ordinal="56" sl="85" sc="1" el="85" ec="2" bec="2" bev="2" fileid="17" />
                <SequencePoint vc="1" uspid="86" ordinal="57" sl="86" sc="1" el="86" ec="2" bec="0" bev="0" fileid="17" />
                <SequencePoint vc="1" uspid="87" ordinal="58" sl="87" sc="1" el="87" ec="2" bec="0" bev="0" fileid="17" />
                <SequencePoint vc="1" uspid="88" ordinal="59" sl="88" sc="1" el="88" ec="2" bec="0" bev="0" fileid="17" />
                <SequencePoint vc="1" uspid="89" ordinal="60" sl="89" sc="1" el="89" ec="2" bec="0" bev="0" fileid="17" />
                <SequencePoint vc="1" uspid="91" ordinal="61" sl="91" sc="1" el="91" ec="2" bec="0" bev="0" fileid="17" />
                <SequencePoint vc="1" uspid="92" ordinal="62" sl="92" sc="1" el="92" ec="2" bec="0" bev="0" fileid="17" />
                <SequencePoint vc="1" uspid="93" ordinal="63" sl="93" sc="1" el="93" ec="2" bec="0" bev="0" fileid="17" />
                <SequencePoint vc="1" uspid="94" ordinal="64" sl="94" sc="1" el="94" ec="2" bec="0" bev="0" fileid="17" />
                <SequencePoint vc="2" uspid="95" ordinal="65" sl="95" sc="1" el="95" ec="2" bec="0" bev="0" fileid="17" />
                <SequencePoint vc="2" uspid="96" ordinal="66" sl="96" sc="1" el="96" ec="2" bec="0" bev="0" fileid="17" />
                <SequencePoint vc="1" uspid="100" ordinal="67" sl="100" sc="1" el="100" ec="2" bec="2" bev="2" fileid="17" />
                <SequencePoint vc="1" uspid="101" ordinal="68" sl="101" sc="1" el="101" ec="2" bec="0" bev="0" fileid="17" />
                <SequencePoint vc="2" uspid="102" ordinal="69" sl="102" sc="1" el="102" ec="2" bec="0" bev="0" fileid="17" />
                <SequencePoint vc="1" uspid="103" ordinal="70" sl="103" sc="1" el="103" ec="2" bec="2" bev="2" fileid="17" />
                <SequencePoint vc="1" uspid="104" ordinal="71" sl="104" sc="1" el="104" ec="2" bec="0" bev="0" fileid="17" />
                <SequencePoint vc="1" uspid="105" ordinal="72" sl="105" sc="1" el="105" ec="2" bec="2" bev="1" fileid="17" />
                <SequencePoint vc="1" uspid="106" ordinal="73" sl="106" sc="1" el="106" ec="2" bec="2" bev="1" fileid="17" />
                <SequencePoint vc="1" uspid="108" ordinal="74" sl="108" sc="1" el="108" ec="2" bec="0" bev="0" fileid="17" />
                <SequencePoint vc="1" uspid="109" ordinal="75" sl="109" sc="1" el="109" ec="2" bec="0" bev="0" fileid="17" />
                <SequencePoint vc="1" uspid="110" ordinal="76" sl="110" sc="1" el="110" ec="2" bec="0" bev="0" fileid="17" />
                <SequencePoint vc="1" uspid="111" ordinal="77" sl="111" sc="1" el="111" ec="2" bec="0" bev="0" fileid="17" />
                <SequencePoint vc="1" uspid="112" ordinal="78" sl="112" sc="1" el="112" ec="2" bec="0" bev="0" fileid="17" />
                <SequencePoint vc="1" uspid="113" ordinal="79" sl="113" sc="1" el="113" ec="2" bec="0" bev="0" fileid="17" />
                <SequencePoint vc="1" uspid="114" ordinal="80" sl="114" sc="1" el="114" ec="2" bec="0" bev="0" fileid="17" />
                <SequencePoint vc="1" uspid="116" ordinal="81" sl="116" sc="1" el="116" ec="2" bec="0" bev="0" fileid="17" />
                <SequencePoint vc="1" uspid="117" ordinal="82" sl="117" sc="1" el="117" ec="2" bec="0" bev="0" fileid="17" />
                <SequencePoint vc="1" uspid="118" ordinal="83" sl="118" sc="1" el="118" ec="2" bec="0" bev="0" fileid="17" />
                <SequencePoint vc="1" uspid="119" ordinal="84" sl="119" sc="1" el="119" ec="2" bec="0" bev="0" fileid="17" />
                <SequencePoint vc="10" uspid="121" ordinal="85" sl="121" sc="1" el="121" ec="2" bec="0" bev="0" fileid="17" />
              </SequencePoints>
              <BranchPoints>
                <BranchPoint vc="4" uspid="9" ordinal="0" path="0" offset="26" offsetend="28" sl="9" fileid="17" />
                <BranchPoint vc="3" uspid="9" ordinal="2" path="0" offset="35" offsetend="42" sl="9" fileid="17" />
                <BranchPoint vc="2" uspid="9" ordinal="4" path="0" offset="49" offsetend="56" sl="9" fileid="17" />
                <BranchPoint vc="6" uspid="9" ordinal="1" path="1" offset="26" offsetend="70" sl="9" fileid="17" />
                <BranchPoint vc="3" uspid="9" ordinal="8" path="0" offset="77" offsetend="79" sl="9" fileid="17" />
                <BranchPoint vc="2" uspid="9" ordinal="10" path="0" offset="86" offsetend="90" sl="9" fileid="17" />
                <BranchPoint vc="3" uspid="9" ordinal="9" path="1" offset="77" offsetend="104" sl="9" fileid="17" />
                <BranchPoint vc="2" uspid="9" ordinal="14" path="0" offset="111" offsetend="115" sl="9" fileid="17" />
                <BranchPoint vc="2" uspid="9" ordinal="7" path="1" offset="63" offsetend="129" sl="9" fileid="17" />
                <BranchPoint vc="1" uspid="9" ordinal="11" path="1" offset="86" offsetend="150" sl="9" fileid="17" />
                <BranchPoint vc="2" uspid="9" ordinal="13" path="1" offset="97" offsetend="171" sl="9" fileid="17" />
                <BranchPoint vc="1" uspid="9" ordinal="3" path="1" offset="35" offsetend="192" sl="9" fileid="17" />
                <BranchPoint vc="1" uspid="9" ordinal="15" path="1" offset="111" offsetend="213" sl="9" fileid="17" />
                <BranchPoint vc="2" uspid="9" ordinal="17" path="1" offset="122" offsetend="234" sl="9" fileid="17" />
                <BranchPoint vc="1" uspid="9" ordinal="5" path="1" offset="49" offsetend="255" sl="9" fileid="17" />
                <BranchPoint vc="2" uspid="9" ordinal="19" path="1" offset="140" offsetend="276" sl="9" fileid="17" />
                <BranchPoint vc="2" uspid="14" ordinal="32" path="0" offset="288" offsetend="290" sl="14" fileid="17" />
                <BranchPoint vc="0" uspid="14" ordinal="33" path="1" offset="288" offsetend="300" sl="14" fileid="17" />
                <BranchPoint vc="2" uspid="14" ordinal="34" path="0" offset="305" offsetend="310" sl="14" fileid="17" />
                <BranchPoint vc="2" uspid="17" ordinal="36" path="0" offset="338" offsetend="340" sl="17" fileid="17" />
                <BranchPoint vc="0" uspid="17" ordinal="37" path="1" offset="338" offsetend="355" sl="17" fileid="17" />
                <BranchPoint vc="2" uspid="17" ordinal="38" path="0" offset="360" offsetend="362" sl="17" fileid="17" />
                <BranchPoint vc="2" uspid="17" ordinal="39" path="1" offset="360" offsetend="469" sl="17" fileid="17" />
                <BranchPoint vc="1" uspid="9" ordinal="21" path="1" offset="161" offsetend="475" sl="9" fileid="17" />
                <BranchPoint vc="1" uspid="28" ordinal="40" path="0" offset="491" offsetend="493" sl="28" fileid="17" />
                <BranchPoint vc="1" uspid="31" ordinal="42" path="0" offset="533" offsetend="535" sl="31" fileid="17" />
                <BranchPoint vc="1" uspid="31" ordinal="43" path="1" offset="533" offsetend="611" sl="31" fileid="17" />
                <BranchPoint vc="2" uspid="9" ordinal="23" path="1" offset="182" offsetend="617" sl="9" fileid="17" />
                <BranchPoint vc="1" uspid="42" ordinal="44" path="0" offset="640" offsetend="645" sl="42" fileid="17" />
                <BranchPoint vc="1" uspid="9" ordinal="25" path="1" offset="203" offsetend="805" sl="9" fileid="17" />
                <BranchPoint vc="1" uspid="55" ordinal="46" path="0" offset="821" offsetend="823" sl="55" fileid="17" />
                <BranchPoint vc="1" uspid="58" ordinal="48" path="0" offset="851" offsetend="853" sl="58" fileid="17" />
                <BranchPoint vc="0" uspid="58" ordinal="49" path="1" offset="851" offsetend="881" sl="58" fileid="17" />
                <BranchPoint vc="1" uspid="58" ordinal="50" path="0" offset="886" offsetend="888" sl="58" fileid="17" />
                <BranchPoint vc="1" uspid="58" ordinal="51" path="1" offset="886" offsetend="933" sl="58" fileid="17" />
                <BranchPoint vc="1" uspid="9" ordinal="27" path="1" offset="224" offsetend="939" sl="9" fileid="17" />
                <BranchPoint vc="1" uspid="68" ordinal="52" path="0" offset="955" offsetend="957" sl="68" fileid="17" />
                <BranchPoint vc="1" uspid="71" ordinal="54" path="0" offset="992" offsetend="994" sl="71" fileid="17" />
                <BranchPoint vc="1" uspid="71" ordinal="55" path="1" offset="992" offsetend="1039" sl="71" fileid="17" />
                <BranchPoint vc="2" uspid="9" ordinal="29" path="1" offset="245" offsetend="1045" sl="9" fileid="17" />
                <BranchPoint vc="2" uspid="81" ordinal="56" path="0" offset="1058" offsetend="1063" sl="81" fileid="17" />
                <BranchPoint vc="1" uspid="85" ordinal="58" path="0" offset="1119" offsetend="1121" sl="85" fileid="17" />
                <BranchPoint vc="1" uspid="85" ordinal="59" path="1" offset="1119" offsetend="1232" sl="85" fileid="17" />
                <BranchPoint vc="1" uspid="9" ordinal="31" path="1" offset="266" offsetend="1281" sl="9" fileid="17" />
                <BranchPoint vc="1" uspid="100" ordinal="60" path="0" offset="1297" offsetend="1302" sl="100" fileid="17" />
                <BranchPoint vc="1" uspid="103" ordinal="62" path="0" offset="1337" offsetend="1342" sl="103" fileid="17" />
                <BranchPoint vc="0" uspid="105" ordinal="64" path="0" offset="1351" offsetend="1353" sl="105" fileid="17" />
                <BranchPoint vc="1" uspid="105" ordinal="65" path="1" offset="1351" offsetend="1356" sl="105" fileid="17" />
                <BranchPoint vc="0" uspid="106" ordinal="66" path="0" offset="1363" offsetend="1365" sl="106" fileid="17" />
                <BranchPoint vc="1" uspid="106" ordinal="67" path="1" offset="1363" offsetend="1371" sl="106" fileid="17" />
                <BranchPoint vc="1" uspid="103" ordinal="63" path="1" offset="1337" offsetend="1518" sl="103" fileid="17" />
                <BranchPoint vc="10" uspid="9" ordinal="6" path="0" offset="63" offsetend="1521" sl="9" fileid="17" />
                <BranchPoint vc="10" uspid="9" ordinal="12" path="0" offset="97" offsetend="1521" sl="9" fileid="17" />
                <BranchPoint vc="10" uspid="9" ordinal="16" path="0" offset="122" offsetend="1521" sl="9" fileid="17" />
                <BranchPoint vc="10" uspid="9" ordinal="18" path="0" offset="140" offsetend="1521" sl="9" fileid="17" />
                <BranchPoint vc="10" uspid="9" ordinal="20" path="0" offset="161" offsetend="1521" sl="9" fileid="17" />
                <BranchPoint vc="10" uspid="9" ordinal="22" path="0" offset="182" offsetend="1521" sl="9" fileid="17" />
                <BranchPoint vc="10" uspid="9" ordinal="24" path="0" offset="203" offsetend="1521" sl="9" fileid="17" />
                <BranchPoint vc="10" uspid="9" ordinal="26" path="0" offset="224" offsetend="1521" sl="9" fileid="17" />
                <BranchPoint vc="10" uspid="9" ordinal="28" path="0" offset="245" offsetend="1521" sl="9" fileid="17" />
                <BranchPoint vc="10" uspid="9" ordinal="30" path="0" offset="266" offsetend="1521" sl="9" fileid="17" />
                <BranchPoint vc="10" uspid="14" ordinal="35" path="1" offset="305" offsetend="1521" sl="14" fileid="17" />
                <BranchPoint vc="10" uspid="28" ordinal="41" path="1" offset="491" offsetend="1521" sl="28" fileid="17" />
                <BranchPoint vc="10" uspid="42" ordinal="45" path="1" offset="640" offsetend="1521" sl="42" fileid="17" />
                <BranchPoint vc="10" uspid="55" ordinal="47" path="1" offset="821" offsetend="1521" sl="55" fileid="17" />
                <BranchPoint vc="10" uspid="68" ordinal="53" path="1" offset="955" offsetend="1521" sl="68" fileid="17" />
                <BranchPoint vc="10" uspid="81" ordinal="57" path="1" offset="1058" offsetend="1521" sl="81" fileid="17" />
                <BranchPoint vc="10" uspid="100" ordinal="61" path="1" offset="1297" offsetend="1521" sl="100" fileid="17" />
                <BranchPoint vc="1" uspid="84" ordinal="0" path="0" offset="22" offsetend="24" sl="84" fileid="17" />
                <BranchPoint vc="2" uspid="84" ordinal="1" path="1" offset="22" offsetend="32" sl="84" fileid="17" />
              </BranchPoints>
              <MethodPoint vc="86" uspid="0" p8:type="SequencePoint" ordinal="0" offset="0" sc="0" sl="9" ec="1" el="121" bec="0" bev="0" fileid="17" xmlns:p8="xsi" />
            </Method>
          </Methods>
        </Class>
        <Class>
          <Summary numSequencePoints="3" visitedSequencePoints="3" numBranchPoints="0" visitedBranchPoints="0" sequenceCoverage="100" branchCoverage="100" maxCyclomaticComplexity="1" minCyclomaticComplexity="1" visitedClasses="1" numClasses="1" visitedMethods="1" numMethods="1" />
          <FullName>OnlineStore.Controllers.FavoritesController</FullName>
          <Methods>
            <Method cyclomaticComplexity="1" nPathComplexity="1" sequenceCoverage="100" branchCoverage="100" isConstructor="False" isGetter="False" isSetter="False" isStatic="True">
              <Summary numSequencePoints="3" visitedSequencePoints="3" numBranchPoints="0" visitedBranchPoints="0" sequenceCoverage="100" branchCoverage="100" maxCyclomaticComplexity="1" minCyclomaticComplexity="1" visitedClasses="0" numClasses="0" visitedMethods="1" numMethods="1" />
              <MetadataToken />
              <Name>System.String OnlineStore.Controllers.FavoritesController::GetFavoritesPage(OnlineStore.Models.ProjectState)</Name>
              <FileRef uid="18" />
              <SequencePoints>
                <SequencePoint vc="1" uspid="9" ordinal="0" sl="9" sc="1" el="9" ec="2" bec="0" bev="0" fileid="18" />
                <SequencePoint vc="1" uspid="10" ordinal="1" sl="10" sc="1" el="10" ec="2" bec="0" bev="0" fileid="18" />
                <SequencePoint vc="1" uspid="11" ordinal="2" sl="11" sc="1" el="11" ec="2" bec="0" bev="0" fileid="18" />
              </SequencePoints>
              <BranchPoints />
              <MethodPoint vc="3" uspid="0" p8:type="SequencePoint" ordinal="0" offset="0" sc="0" sl="9" ec="1" el="11" bec="0" bev="0" fileid="18" xmlns:p8="xsi" />
            </Method>
          </Methods>
        </Class>
        <Class>
          <Summary numSequencePoints="3" visitedSequencePoints="3" numBranchPoints="0" visitedBranchPoints="0" sequenceCoverage="100" branchCoverage="100" maxCyclomaticComplexity="1" minCyclomaticComplexity="1" visitedClasses="1" numClasses="1" visitedMethods="1" numMethods="1" />
          <FullName>OnlineStore.Controllers.HomeController</FullName>
          <Methods>
            <Method cyclomaticComplexity="1" nPathComplexity="1" sequenceCoverage="100" branchCoverage="100" isConstructor="False" isGetter="False" isSetter="False" isStatic="True">
              <Summary numSequencePoints="3" visitedSequencePoints="3" numBranchPoints="0" visitedBranchPoints="0" sequenceCoverage="100" branchCoverage="100" maxCyclomaticComplexity="1" minCyclomaticComplexity="1" visitedClasses="0" numClasses="0" visitedMethods="1" numMethods="1" />
              <MetadataToken />
              <Name>System.String OnlineStore.Controllers.HomeController::GetHomePage(OnlineStore.Models.ProjectState)</Name>
              <FileRef uid="19" />
              <SequencePoints>
                <SequencePoint vc="1" uspid="9" ordinal="0" sl="9" sc="1" el="9" ec="2" bec="0" bev="0" fileid="19" />
                <SequencePoint vc="1" uspid="10" ordinal="1" sl="10" sc="1" el="10" ec="2" bec="0" bev="0" fileid="19" />
                <SequencePoint vc="1" uspid="11" ordinal="2" sl="11" sc="1" el="11" ec="2" bec="0" bev="0" fileid="19" />
              </SequencePoints>
              <BranchPoints />
              <MethodPoint vc="3" uspid="0" p8:type="SequencePoint" ordinal="0" offset="0" sc="0" sl="9" ec="1" el="11" bec="0" bev="0" fileid="19" xmlns:p8="xsi" />
            </Method>
          </Methods>
        </Class>
        <Class>
          <Summary numSequencePoints="3" visitedSequencePoints="3" numBranchPoints="0" visitedBranchPoints="0" sequenceCoverage="100" branchCoverage="100" maxCyclomaticComplexity="1" minCyclomaticComplexity="1" visitedClasses="1" numClasses="1" visitedMethods="1" numMethods="1" />
          <FullName>OnlineStore.Controllers.StatusController</FullName>
          <Methods>
            <Method cyclomaticComplexity="1" nPathComplexity="1" sequenceCoverage="100" branchCoverage="100" isConstructor="False" isGetter="False" isSetter="False" isStatic="True">
              <Summary numSequencePoints="3" visitedSequencePoints="3" numBranchPoints="0" visitedBranchPoints="0" sequenceCoverage="100" branchCoverage="100" maxCyclomaticComplexity="1" minCyclomaticComplexity="1" visitedClasses="0" numClasses="0" visitedMethods="1" numMethods="1" />
              <MetadataToken />
              <Name>System.String OnlineStore.Controllers.StatusController::GetStatusPage(OnlineStore.Models.ProjectState)</Name>
              <FileRef uid="20" />
              <SequencePoints>
                <SequencePoint vc="1" uspid="9" ordinal="0" sl="9" sc="1" el="9" ec="2" bec="0" bev="0" fileid="20" />
                <SequencePoint vc="1" uspid="10" ordinal="1" sl="10" sc="1" el="10" ec="2" bec="0" bev="0" fileid="20" />
                <SequencePoint vc="1" uspid="11" ordinal="2" sl="11" sc="1" el="11" ec="2" bec="0" bev="0" fileid="20" />
              </SequencePoints>
              <BranchPoints />
              <MethodPoint vc="3" uspid="0" p8:type="SequencePoint" ordinal="0" offset="0" sc="0" sl="9" ec="1" el="11" bec="0" bev="0" fileid="20" xmlns:p8="xsi" />
            </Method>
          </Methods>
        </Class>
      </Classes>
    </Module>
  </Modules>
</CoverageSession>